2016-08-27 09:32:14,388 [main] ERROR org.springframework.boot.SpringApplication - Application startup failed
java.lang.UnsupportedClassVersionError: javax/annotation/ManagedBean : Unsupported major.minor version 51.0
	at java.lang.ClassLoader.defineClass1(Native Method) ~[na:1.6.0_45]
	at java.lang.ClassLoader.defineClassCond(ClassLoader.java:631) ~[na:1.6.0_45]
	at java.lang.ClassLoader.defineClass(ClassLoader.java:615) ~[na:1.6.0_45]
	at java.security.SecureClassLoader.defineClass(SecureClassLoader.java:141) ~[na:1.6.0_45]
	at java.net.URLClassLoader.defineClass(URLClassLoader.java:283) ~[na:1.6.0_45]
	at java.net.URLClassLoader.access$000(URLClassLoader.java:58) ~[na:1.6.0_45]
	at java.net.URLClassLoader$1.run(URLClassLoader.java:197) ~[na:1.6.0_45]
	at java.security.AccessController.doPrivileged(Native Method) ~[na:1.6.0_45]
	at java.net.URLClassLoader.findClass(URLClassLoader.java:190) ~[na:1.6.0_45]
	at java.lang.ClassLoader.loadClass(ClassLoader.java:306) ~[na:1.6.0_45]
	at sun.misc.Launcher$AppClassLoader.loadClass(Launcher.java:301) ~[na:1.6.0_45]
	at java.lang.ClassLoader.loadClass(ClassLoader.java:247) ~[na:1.6.0_45]
	at org.springframework.util.ClassUtils.forName(ClassUtils.java:250) ~[spring-core-4.2.4.RELEASE.jar:4.2.4.RELEASE]
	at org.springframework.context.annotation.ClassPathScanningCandidateComponentProvider.registerDefaultFilters(ClassPathScanningCandidateComponentProvider.java:243) ~[spring-context-4.2.4.RELEASE.jar:4.2.4.RELEASE]
	at org.springframework.context.annotation.ClassPathScanningCandidateComponentProvider.<init>(ClassPathScanningCandidateComponentProvider.java:116) ~[spring-context-4.2.4.RELEASE.jar:4.2.4.RELEASE]
	at org.springframework.context.annotation.ClassPathBeanDefinitionScanner.<init>(ClassPathBeanDefinitionScanner.java:136) ~[spring-context-4.2.4.RELEASE.jar:4.2.4.RELEASE]
	at org.springframework.context.annotation.ClassPathBeanDefinitionScanner.<init>(ClassPathBeanDefinitionScanner.java:111) ~[spring-context-4.2.4.RELEASE.jar:4.2.4.RELEASE]
	at org.springframework.context.annotation.ClassPathBeanDefinitionScanner.<init>(ClassPathBeanDefinitionScanner.java:83) ~[spring-context-4.2.4.RELEASE.jar:4.2.4.RELEASE]
	at org.springframework.context.annotation.AnnotationConfigApplicationContext.<init>(AnnotationConfigApplicationContext.java:62) ~[spring-context-4.2.4.RELEASE.jar:4.2.4.RELEASE]
	at sun.reflect.NativeConstructorAccessorImpl.newInstance0(Native Method) ~[na:1.6.0_45]
	at sun.reflect.NativeConstructorAccessorImpl.newInstance(NativeConstructorAccessorImpl.java:39) ~[na:1.6.0_45]
	at sun.reflect.DelegatingConstructorAccessorImpl.newInstance(DelegatingConstructorAccessorImpl.java:27) ~[na:1.6.0_45]
	at java.lang.reflect.Constructor.newInstance(Constructor.java:513) ~[na:1.6.0_45]
	at java.lang.Class.newInstance0(Class.java:357) ~[na:1.6.0_45]
	at java.lang.Class.newInstance(Class.java:310) ~[na:1.6.0_45]
	at org.springframework.beans.BeanUtils.instantiate(BeanUtils.java:78) ~[spring-beans-4.2.4.RELEASE.jar:4.2.4.RELEASE]
	at org.springframework.boot.SpringApplication.createApplicationContext(SpringApplication.java:597) [spring-boot-1.3.2.RELEASE.jar:1.3.2.RELEASE]
	at org.springframework.boot.SpringApplication.createAndRefreshContext(SpringApplication.java:340) [spring-boot-1.3.2.RELEASE.jar:1.3.2.RELEASE]
	at org.springframework.boot.SpringApplication.run(SpringApplication.java:307) [spring-boot-1.3.2.RELEASE.jar:1.3.2.RELEASE]
	at org.springframework.boot.SpringApplication.run(SpringApplication.java:1191) [spring-boot-1.3.2.RELEASE.jar:1.3.2.RELEASE]
	at org.springframework.boot.SpringApplication.run(SpringApplication.java:1180) [spring-boot-1.3.2.RELEASE.jar:1.3.2.RELEASE]
	at com.javachen.example.Application.main(Application.java:38) [classes/:na]
2016-08-27 09:32:14,391 [main] INFO  org.springframework.boot.logging.ClasspathLoggingApplicationListener - Application failed to start with classpath: [file:/home/total/git/spring-examples/spring-boot/spring-boot-example/target/classes/, file:/home/total/.m2/repository/org/springframework/boot/spring-boot-starter-actuator/1.3.2.RELEASE/spring-boot-starter-actuator-1.3.2.RELEASE.jar, file:/home/total/.m2/repository/org/springframework/boot/spring-boot-starter/1.3.2.RELEASE/spring-boot-starter-1.3.2.RELEASE.jar, file:/home/total/.m2/repository/org/springframework/boot/spring-boot/1.3.2.RELEASE/spring-boot-1.3.2.RELEASE.jar, file:/home/total/.m2/repository/org/springframework/boot/spring-boot-autoconfigure/1.3.2.RELEASE/spring-boot-autoconfigure-1.3.2.RELEASE.jar, file:/home/total/.m2/repository/org/springframework/boot/spring-boot-starter-logging/1.3.2.RELEASE/spring-boot-starter-logging-1.3.2.RELEASE.jar, file:/home/total/.m2/repository/ch/qos/logback/logback-classic/1.1.3/logback-classic-1.1.3.jar, file:/home/total/.m2/repository/ch/qos/logback/logback-core/1.1.3/logback-core-1.1.3.jar, file:/home/total/.m2/repository/org/slf4j/jcl-over-slf4j/1.7.13/jcl-over-slf4j-1.7.13.jar, file:/home/total/.m2/repository/org/slf4j/jul-to-slf4j/1.7.13/jul-to-slf4j-1.7.13.jar, file:/home/total/.m2/repository/org/slf4j/log4j-over-slf4j/1.7.13/log4j-over-slf4j-1.7.13.jar, file:/home/total/.m2/repository/org/yaml/snakeyaml/1.16/snakeyaml-1.16.jar, file:/home/total/.m2/repository/org/springframework/boot/spring-boot-actuator/1.3.2.RELEASE/spring-boot-actuator-1.3.2.RELEASE.jar, file:/home/total/.m2/repository/org/springframework/spring-context/4.2.4.RELEASE/spring-context-4.2.4.RELEASE.jar, file:/home/total/.m2/repository/org/springframework/boot/spring-boot-starter-web/1.3.2.RELEASE/spring-boot-starter-web-1.3.2.RELEASE.jar, file:/home/total/.m2/repository/org/springframework/boot/spring-boot-starter-tomcat/1.3.2.RELEASE/spring-boot-starter-tomcat-1.3.2.RELEASE.jar, file:/home/total/.m2/repository/org/apache/tomcat/embed/tomcat-embed-core/8.0.30/tomcat-embed-core-8.0.30.jar, file:/home/total/.m2/repository/org/apache/tomcat/embed/tomcat-embed-el/8.0.30/tomcat-embed-el-8.0.30.jar, file:/home/total/.m2/repository/org/apache/tomcat/embed/tomcat-embed-logging-juli/8.0.30/tomcat-embed-logging-juli-8.0.30.jar, file:/home/total/.m2/repository/org/apache/tomcat/embed/tomcat-embed-websocket/8.0.30/tomcat-embed-websocket-8.0.30.jar, file:/home/total/.m2/repository/org/springframework/boot/spring-boot-starter-validation/1.3.2.RELEASE/spring-boot-starter-validation-1.3.2.RELEASE.jar, file:/home/total/.m2/repository/org/hibernate/hibernate-validator/5.2.2.Final/hibernate-validator-5.2.2.Final.jar, file:/home/total/.m2/repository/javax/validation/validation-api/1.1.0.Final/validation-api-1.1.0.Final.jar, file:/home/total/.m2/repository/org/jboss/logging/jboss-logging/3.3.0.Final/jboss-logging-3.3.0.Final.jar, file:/home/total/.m2/repository/com/fasterxml/classmate/1.1.0/classmate-1.1.0.jar, file:/home/total/.m2/repository/com/fasterxml/jackson/core/jackson-databind/2.6.5/jackson-databind-2.6.5.jar, file:/home/total/.m2/repository/com/fasterxml/jackson/core/jackson-annotations/2.6.5/jackson-annotations-2.6.5.jar, file:/home/total/.m2/repository/com/fasterxml/jackson/core/jackson-core/2.6.5/jackson-core-2.6.5.jar, file:/home/total/.m2/repository/org/springframework/spring-web/4.2.4.RELEASE/spring-web-4.2.4.RELEASE.jar, file:/home/total/.m2/repository/org/springframework/spring-aop/4.2.4.RELEASE/spring-aop-4.2.4.RELEASE.jar, file:/home/total/.m2/repository/aopalliance/aopalliance/1.0/aopalliance-1.0.jar, file:/home/total/.m2/repository/org/springframework/spring-beans/4.2.4.RELEASE/spring-beans-4.2.4.RELEASE.jar, file:/home/total/.m2/repository/org/springframework/spring-webmvc/4.2.4.RELEASE/spring-webmvc-4.2.4.RELEASE.jar, file:/home/total/.m2/repository/org/springframework/spring-expression/4.2.4.RELEASE/spring-expression-4.2.4.RELEASE.jar, file:/home/total/.m2/repository/org/springframework/boot/spring-boot-starter-remote-shell/1.3.2.RELEASE/spring-boot-starter-remote-shell-1.3.2.RELEASE.jar, file:/home/total/.m2/repository/org/crashub/crash.cli/1.3.2/crash.cli-1.3.2.jar, file:/home/total/.m2/repository/org/crashub/crash.connectors.ssh/1.3.2/crash.connectors.ssh-1.3.2.jar, file:/home/total/.m2/repository/org/apache/sshd/sshd-core/0.11.0/sshd-core-0.11.0.jar, file:/home/total/.m2/repository/org/apache/sshd/sshd-pam/0.11.0/sshd-pam-0.11.0.jar, file:/home/total/.m2/repository/net/sf/jpam/jpam/1.1/jpam-1.1.jar, file:/home/total/.m2/repository/org/bouncycastle/bcprov-jdk15on/1.51/bcprov-jdk15on-1.51.jar, file:/home/total/.m2/repository/org/bouncycastle/bcpkix-jdk15on/1.51/bcpkix-jdk15on-1.51.jar, file:/home/total/.m2/repository/org/apache/mina/mina-core/2.0.7/mina-core-2.0.7.jar, file:/home/total/.m2/repository/org/slf4j/slf4j-api/1.7.13/slf4j-api-1.7.13.jar, file:/home/total/.m2/repository/org/crashub/crash.embed.spring/1.3.2/crash.embed.spring-1.3.2.jar, file:/home/total/.m2/repository/org/crashub/crash.plugins.cron/1.3.2/crash.plugins.cron-1.3.2.jar, file:/home/total/.m2/repository/it/sauronsoftware/cron4j/cron4j/2.2.5/cron4j-2.2.5.jar, file:/home/total/.m2/repository/org/crashub/crash.plugins.mail/1.3.2/crash.plugins.mail-1.3.2.jar, file:/home/total/.m2/repository/org/crashub/crash.shell/1.3.2/crash.shell-1.3.2.jar, file:/home/total/.m2/repository/org/codehaus/groovy/groovy/2.4.4/groovy-2.4.4.jar, file:/home/total/.m2/repository/com/sun/mail/javax.mail/1.5.5/javax.mail-1.5.5.jar, file:/home/total/.m2/repository/javax/activation/activation/1.1/activation-1.1.jar, file:/home/total/.m2/repository/org/springframework/boot/spring-boot-starter-test/1.3.2.RELEASE/spring-boot-starter-test-1.3.2.RELEASE.jar, file:/home/total/.m2/repository/org/hamcrest/hamcrest-core/1.3/hamcrest-core-1.3.jar, file:/home/total/.m2/repository/org/springframework/spring-core/4.2.4.RELEASE/spring-core-4.2.4.RELEASE.jar]
2016-08-27 09:37:06,109 [main] INFO  com.javachen.example.Application - Starting Application on total-VirtualBox with PID 4561 (/home/total/git/spring-examples/spring-boot/spring-boot-example/target/classes started by total in /home/total/git/spring-examples/spring-boot/spring-boot-example)
2016-08-27 09:37:06,130 [main] DEBUG com.javachen.example.Application - Running with Spring Boot v1.3.2.RELEASE, Spring v4.2.4.RELEASE
2016-08-27 09:37:06,130 [main] INFO  com.javachen.example.Application - The following profiles are active: prod
2016-08-27 09:37:06,801 [background-preinit] INFO  org.hibernate.validator.internal.util.Version - HV000001: Hibernate Validator 5.2.2.Final
2016-08-27 09:37:07,212 [main] INFO  o.s.boot.context.embedded.AnnotationConfigEmbeddedWebApplicationContext - Refreshing org.springframework.boot.context.embedded.AnnotationConfigEmbeddedWebApplicationContext@6a801366: startup date [Sat Aug 27 09:37:07 CST 2016]; root of context hierarchy
2016-08-27 09:37:10,546 [main] INFO  org.springframework.beans.factory.support.DefaultListableBeanFactory - Overriding bean definition for bean 'beanNameViewResolver' with a different definition: replacing [Root bean: class [null]; scope=; abstract=false; lazyInit=false; autowireMode=3; dependencyCheck=0; autowireCandidate=true; primary=false; factoryBeanName=org.springframework.boot.autoconfigure.web.ErrorMvcAutoConfiguration$WhitelabelErrorViewConfiguration; factoryMethodName=beanNameViewResolver; initMethodName=null; destroyMethodName=(inferred); defined in class path resource [org/springframework/boot/autoconfigure/web/ErrorMvcAutoConfiguration$WhitelabelErrorViewConfiguration.class]] with [Root bean: class [null]; scope=; abstract=false; lazyInit=false; autowireMode=3; dependencyCheck=0; autowireCandidate=true; primary=false; factoryBeanName=org.springframework.boot.autoconfigure.web.WebMvcAutoConfiguration$WebMvcAutoConfigurationAdapter; factoryMethodName=beanNameViewResolver; initMethodName=null; destroyMethodName=(inferred); defined in class path resource [org/springframework/boot/autoconfigure/web/WebMvcAutoConfiguration$WebMvcAutoConfigurationAdapter.class]]
2016-08-27 09:37:13,202 [main] INFO  org.springframework.boot.context.embedded.tomcat.TomcatEmbeddedServletContainer - Tomcat initialized with port(s): 8080 (http)
2016-08-27 09:37:13,264 [main] INFO  org.apache.catalina.core.StandardService - Starting service Tomcat
2016-08-27 09:37:13,265 [main] INFO  org.apache.catalina.core.StandardEngine - Starting Servlet Engine: Apache Tomcat/8.0.30
2016-08-27 09:37:13,922 [localhost-startStop-1] INFO  org.apache.catalina.core.ContainerBase.[Tomcat].[localhost].[/] - Initializing Spring embedded WebApplicationContext
2016-08-27 09:37:13,922 [localhost-startStop-1] INFO  org.springframework.web.context.ContextLoader - Root WebApplicationContext: initialization completed in 6710 ms
2016-08-27 09:37:15,048 [localhost-startStop-1] INFO  org.springframework.boot.context.embedded.ServletRegistrationBean - Mapping servlet: 'dispatcherServlet' to [/]
2016-08-27 09:37:15,062 [localhost-startStop-1] INFO  org.springframework.boot.context.embedded.FilterRegistrationBean - Mapping filter: 'metricFilter' to: [/*]
2016-08-27 09:37:15,063 [localhost-startStop-1] INFO  org.springframework.boot.context.embedded.FilterRegistrationBean - Mapping filter: 'characterEncodingFilter' to: [/*]
2016-08-27 09:37:15,063 [localhost-startStop-1] INFO  org.springframework.boot.context.embedded.FilterRegistrationBean - Mapping filter: 'hiddenHttpMethodFilter' to: [/*]
2016-08-27 09:37:15,063 [localhost-startStop-1] INFO  org.springframework.boot.context.embedded.FilterRegistrationBean - Mapping filter: 'httpPutFormContentFilter' to: [/*]
2016-08-27 09:37:15,063 [localhost-startStop-1] INFO  org.springframework.boot.context.embedded.FilterRegistrationBean - Mapping filter: 'requestContextFilter' to: [/*]
2016-08-27 09:37:15,063 [localhost-startStop-1] INFO  org.springframework.boot.context.embedded.FilterRegistrationBean - Mapping filter: 'webRequestLoggingFilter' to: [/*]
2016-08-27 09:37:15,063 [localhost-startStop-1] INFO  org.springframework.boot.context.embedded.FilterRegistrationBean - Mapping filter: 'applicationContextIdFilter' to: [/*]
2016-08-27 09:37:15,178 [main] DEBUG com.javachen.example.Application - Sample Debug Message
2016-08-27 09:37:15,492 [main] INFO  o.springframework.web.servlet.mvc.method.annotation.RequestMappingHandlerAdapter - Looking for @ControllerAdvice: org.springframework.boot.context.embedded.AnnotationConfigEmbeddedWebApplicationContext@6a801366: startup date [Sat Aug 27 09:37:07 CST 2016]; root of context hierarchy
2016-08-27 09:37:16,080 [main] INFO  o.springframework.web.servlet.mvc.method.annotation.RequestMappingHandlerMapping - Mapped "{[/]}" onto java.lang.String com.javachen.example.Application.home()
2016-08-27 09:37:16,097 [main] INFO  o.springframework.web.servlet.mvc.method.annotation.RequestMappingHandlerMapping - Mapped "{[/error],produces=[text/html]}" onto public org.springframework.web.servlet.ModelAndView org.springframework.boot.autoconfigure.web.BasicErrorController.errorHtml(javax.servlet.http.HttpServletRequest,javax.servlet.http.HttpServletResponse)
2016-08-27 09:37:16,097 [main] INFO  o.springframework.web.servlet.mvc.method.annotation.RequestMappingHandlerMapping - Mapped "{[/error]}" onto public org.springframework.http.ResponseEntity<java.util.Map<java.lang.String, java.lang.Object>> org.springframework.boot.autoconfigure.web.BasicErrorController.error(javax.servlet.http.HttpServletRequest)
2016-08-27 09:37:16,315 [main] INFO  org.springframework.web.servlet.handler.SimpleUrlHandlerMapping - Mapped URL path [/webjars/**] onto handler of type [class org.springframework.web.servlet.resource.ResourceHttpRequestHandler]
2016-08-27 09:37:16,316 [main] INFO  org.springframework.web.servlet.handler.SimpleUrlHandlerMapping - Mapped URL path [/**] onto handler of type [class org.springframework.web.servlet.resource.ResourceHttpRequestHandler]
2016-08-27 09:37:16,493 [main] INFO  org.springframework.web.servlet.handler.SimpleUrlHandlerMapping - Mapped URL path [/**/favicon.ico] onto handler of type [class org.springframework.web.servlet.resource.ResourceHttpRequestHandler]
2016-08-27 09:37:16,678 [main] INFO  o.s.boot.actuate.autoconfigure.ShellProperties$SimpleAuthenticationProperties - 

Using default password for shell access: 8dd9e34e-18ec-4ca6-b588-178311c12da6


2016-08-27 09:37:16,678 [main] WARN  org.springframework.boot.actuate.autoconfigure.ShellProperties - Shell authentication fell back to method 'simple' opposed to configured method 'spring'. Please check your classpath.
2016-08-27 09:37:16,795 [main] INFO  org.crsh.plugin.PluginManager - Loaded plugin Plugin[type=SSHPlugin,interface=SSHPlugin]
2016-08-27 09:37:16,799 [main] INFO  org.crsh.plugin.PluginManager - Loaded plugin Plugin[type=SSHInlinePlugin,interface=CommandPlugin]
2016-08-27 09:37:16,801 [main] INFO  org.crsh.plugin.PluginManager - Loaded plugin Plugin[type=KeyAuthenticationPlugin,interface=KeyAuthenticationPlugin]
2016-08-27 09:37:16,844 [main] INFO  org.crsh.plugin.PluginManager - Loaded plugin Plugin[type=CronPlugin,interface=CronPlugin]
2016-08-27 09:37:16,847 [main] INFO  org.crsh.plugin.PluginManager - Loaded plugin Plugin[type=MailPlugin,interface=MailPlugin]
2016-08-27 09:37:16,862 [main] INFO  org.crsh.plugin.PluginManager - Loaded plugin Plugin[type=CRaSHShellFactory,interface=ShellFactory]
2016-08-27 09:37:16,889 [main] INFO  org.crsh.plugin.PluginManager - Loaded plugin Plugin[type=GroovyLanguageProxy,interface=Language]
2016-08-27 09:37:16,892 [main] INFO  org.crsh.plugin.PluginManager - Loaded plugin Plugin[type=JavaLanguage,interface=Language]
2016-08-27 09:37:16,929 [main] INFO  org.crsh.plugin.PluginManager - Loaded plugin Plugin[type=ScriptLanguage,interface=Language]
2016-08-27 09:37:16,935 [main] INFO  org.crsh.plugin.PluginManager - Loaded plugin Plugin[type=JaasAuthenticationPlugin,interface=AuthenticationPlugin]
2016-08-27 09:37:16,935 [main] INFO  org.crsh.plugin.PluginManager - Loaded plugin Plugin[type=SimpleAuthenticationPlugin,interface=AuthenticationPlugin]
2016-08-27 09:37:16,936 [main] INFO  o.s.boot.actuate.autoconfigure.CrshAutoConfiguration$CrshBootstrapBean - Configuring property ssh.port=2222 from properties
2016-08-27 09:37:16,937 [main] INFO  o.s.boot.actuate.autoconfigure.CrshAutoConfiguration$CrshBootstrapBean - Configuring property ssh.auth_timeout=600000 from properties
2016-08-27 09:37:16,937 [main] INFO  o.s.boot.actuate.autoconfigure.CrshAutoConfiguration$CrshBootstrapBean - Configuring property ssh.idle_timeout=600000 from properties
2016-08-27 09:37:16,937 [main] INFO  o.s.boot.actuate.autoconfigure.CrshAutoConfiguration$CrshBootstrapBean - Configuring property ssh.default_encoding=UTF-8 from properties
2016-08-27 09:37:16,937 [main] INFO  o.s.boot.actuate.autoconfigure.CrshAutoConfiguration$CrshBootstrapBean - Configuring property auth=simple from properties
2016-08-27 09:37:16,937 [main] INFO  o.s.boot.actuate.autoconfigure.CrshAutoConfiguration$CrshBootstrapBean - Configuring property auth.simple.username=user from properties
2016-08-27 09:37:16,937 [main] INFO  o.s.boot.actuate.autoconfigure.CrshAutoConfiguration$CrshBootstrapBean - Configuring property auth.simple.password=8dd9e34e-18ec-4ca6-b588-178311c12da6 from properties
2016-08-27 09:37:17,006 [main] INFO  org.crsh.plugin.PluginManager - Initialized plugin Plugin[type=KeyAuthenticationPlugin,interface=KeyAuthenticationPlugin]
2016-08-27 09:37:17,006 [main] INFO  org.crsh.plugin.PluginManager - Initialized plugin Plugin[type=JaasAuthenticationPlugin,interface=AuthenticationPlugin]
2016-08-27 09:37:17,006 [main] INFO  org.crsh.plugin.PluginManager - Initialized plugin Plugin[type=SimpleAuthenticationPlugin,interface=AuthenticationPlugin]
2016-08-27 09:37:17,022 [main] INFO  org.crsh.ssh.SSHPlugin - Booting SSHD
2016-08-27 09:37:17,156 [main] INFO  org.crsh.plugin.PluginManager - Initialized plugin Plugin[type=GroovyLanguageProxy,interface=Language]
2016-08-27 09:37:17,178 [main] INFO  org.crsh.plugin.PluginManager - Initialized plugin Plugin[type=JavaLanguage,interface=Language]
2016-08-27 09:37:17,178 [main] INFO  org.crsh.plugin.PluginManager - Initialized plugin Plugin[type=ScriptLanguage,interface=Language]
2016-08-27 09:37:17,248 [main] INFO  org.crsh.plugin.PluginManager - Initialized plugin Plugin[type=CRaSHShellFactory,interface=ShellFactory]
2016-08-27 09:37:17,886 [main] INFO  org.apache.sshd.common.util.SecurityUtils - Trying to register BouncyCastle as a JCE provider
2016-08-27 09:37:20,832 [main] INFO  org.apache.sshd.common.util.SecurityUtils - Registration succeeded
2016-08-27 09:37:21,016 [main] INFO  org.crsh.ssh.term.SSHLifeCycle - About to start CRaSSHD
2016-08-27 09:37:21,033 [main] INFO  org.crsh.ssh.term.SSHLifeCycle - CRaSSHD started on port 2222
2016-08-27 09:37:21,033 [main] INFO  org.crsh.plugin.PluginManager - Initialized plugin Plugin[type=SSHPlugin,interface=SSHPlugin]
2016-08-27 09:37:21,033 [main] INFO  org.crsh.plugin.PluginManager - Initialized plugin Plugin[type=SSHInlinePlugin,interface=CommandPlugin]
2016-08-27 09:37:21,034 [main] INFO  org.crsh.plugin.PluginManager - Initialized plugin Plugin[type=CronPlugin,interface=CronPlugin]
2016-08-27 09:37:21,034 [main] INFO  org.crsh.plugin.PluginManager - Initialized plugin Plugin[type=MailPlugin,interface=MailPlugin]
2016-08-27 09:37:22,628 [main] INFO  org.springframework.boot.actuate.endpoint.mvc.EndpointHandlerMapping - Mapped "{[/dump || /dump.json],methods=[GET],produces=[application/json]}" onto public java.lang.Object org.springframework.boot.actuate.endpoint.mvc.EndpointMvcAdapter.invoke()
2016-08-27 09:37:22,628 [main] INFO  org.springframework.boot.actuate.endpoint.mvc.EndpointHandlerMapping - Mapped "{[/configprops || /configprops.json],methods=[GET],produces=[application/json]}" onto public java.lang.Object org.springframework.boot.actuate.endpoint.mvc.EndpointMvcAdapter.invoke()
2016-08-27 09:37:22,629 [main] INFO  org.springframework.boot.actuate.endpoint.mvc.EndpointHandlerMapping - Mapped "{[/health || /health.json],produces=[application/json]}" onto public java.lang.Object org.springframework.boot.actuate.endpoint.mvc.HealthMvcEndpoint.invoke(java.security.Principal)
2016-08-27 09:37:22,629 [main] INFO  org.springframework.boot.actuate.endpoint.mvc.EndpointHandlerMapping - Mapped "{[/info || /info.json],methods=[GET],produces=[application/json]}" onto public java.lang.Object org.springframework.boot.actuate.endpoint.mvc.EndpointMvcAdapter.invoke()
2016-08-27 09:37:22,630 [main] INFO  org.springframework.boot.actuate.endpoint.mvc.EndpointHandlerMapping - Mapped "{[/metrics/{name:.*}],methods=[GET],produces=[application/json]}" onto public java.lang.Object org.springframework.boot.actuate.endpoint.mvc.MetricsMvcEndpoint.value(java.lang.String)
2016-08-27 09:37:22,630 [main] INFO  org.springframework.boot.actuate.endpoint.mvc.EndpointHandlerMapping - Mapped "{[/metrics || /metrics.json],methods=[GET],produces=[application/json]}" onto public java.lang.Object org.springframework.boot.actuate.endpoint.mvc.EndpointMvcAdapter.invoke()
2016-08-27 09:37:22,632 [main] INFO  org.springframework.boot.actuate.endpoint.mvc.EndpointHandlerMapping - Mapped "{[/mappings || /mappings.json],methods=[GET],produces=[application/json]}" onto public java.lang.Object org.springframework.boot.actuate.endpoint.mvc.EndpointMvcAdapter.invoke()
2016-08-27 09:37:22,632 [main] INFO  org.springframework.boot.actuate.endpoint.mvc.EndpointHandlerMapping - Mapped "{[/beans || /beans.json],methods=[GET],produces=[application/json]}" onto public java.lang.Object org.springframework.boot.actuate.endpoint.mvc.EndpointMvcAdapter.invoke()
2016-08-27 09:37:22,633 [main] INFO  org.springframework.boot.actuate.endpoint.mvc.EndpointHandlerMapping - Mapped "{[/trace || /trace.json],methods=[GET],produces=[application/json]}" onto public java.lang.Object org.springframework.boot.actuate.endpoint.mvc.EndpointMvcAdapter.invoke()
2016-08-27 09:37:22,648 [main] INFO  org.springframework.boot.actuate.endpoint.mvc.EndpointHandlerMapping - Mapped "{[/autoconfig || /autoconfig.json],methods=[GET],produces=[application/json]}" onto public java.lang.Object org.springframework.boot.actuate.endpoint.mvc.EndpointMvcAdapter.invoke()
2016-08-27 09:37:22,649 [main] INFO  org.springframework.boot.actuate.endpoint.mvc.EndpointHandlerMapping - Mapped "{[/env/{name:.*}],methods=[GET],produces=[application/json]}" onto public java.lang.Object org.springframework.boot.actuate.endpoint.mvc.EnvironmentMvcEndpoint.value(java.lang.String)
2016-08-27 09:37:22,649 [main] INFO  org.springframework.boot.actuate.endpoint.mvc.EndpointHandlerMapping - Mapped "{[/env || /env.json],methods=[GET],produces=[application/json]}" onto public java.lang.Object org.springframework.boot.actuate.endpoint.mvc.EndpointMvcAdapter.invoke()
2016-08-27 09:37:23,383 [main] INFO  org.springframework.jmx.export.annotation.AnnotationMBeanExporter - Registering beans for JMX exposure on startup
2016-08-27 09:37:23,402 [main] INFO  org.springframework.boot.actuate.endpoint.jmx.EndpointMBeanExporter - Registering beans for JMX exposure on startup
2016-08-27 09:37:23,422 [main] INFO  org.springframework.context.support.DefaultLifecycleProcessor - Starting beans in phase 0
2016-08-27 09:37:23,428 [main] INFO  org.springframework.boot.actuate.endpoint.jmx.EndpointMBeanExporter - Located managed bean 'requestMappingEndpoint': registering with JMX server as MBean [org.springframework.boot:type=Endpoint,name=requestMappingEndpoint]
2016-08-27 09:37:23,518 [main] INFO  org.springframework.boot.actuate.endpoint.jmx.EndpointMBeanExporter - Located managed bean 'environmentEndpoint': registering with JMX server as MBean [org.springframework.boot:type=Endpoint,name=environmentEndpoint]
2016-08-27 09:37:23,532 [main] INFO  org.springframework.boot.actuate.endpoint.jmx.EndpointMBeanExporter - Located managed bean 'healthEndpoint': registering with JMX server as MBean [org.springframework.boot:type=Endpoint,name=healthEndpoint]
2016-08-27 09:37:23,547 [main] INFO  org.springframework.boot.actuate.endpoint.jmx.EndpointMBeanExporter - Located managed bean 'beansEndpoint': registering with JMX server as MBean [org.springframework.boot:type=Endpoint,name=beansEndpoint]
2016-08-27 09:37:23,566 [main] INFO  org.springframework.boot.actuate.endpoint.jmx.EndpointMBeanExporter - Located managed bean 'infoEndpoint': registering with JMX server as MBean [org.springframework.boot:type=Endpoint,name=infoEndpoint]
2016-08-27 09:37:23,589 [main] INFO  org.springframework.boot.actuate.endpoint.jmx.EndpointMBeanExporter - Located managed bean 'metricsEndpoint': registering with JMX server as MBean [org.springframework.boot:type=Endpoint,name=metricsEndpoint]
2016-08-27 09:37:23,599 [main] INFO  org.springframework.boot.actuate.endpoint.jmx.EndpointMBeanExporter - Located managed bean 'traceEndpoint': registering with JMX server as MBean [org.springframework.boot:type=Endpoint,name=traceEndpoint]
2016-08-27 09:37:23,617 [main] INFO  org.springframework.boot.actuate.endpoint.jmx.EndpointMBeanExporter - Located managed bean 'dumpEndpoint': registering with JMX server as MBean [org.springframework.boot:type=Endpoint,name=dumpEndpoint]
2016-08-27 09:37:23,642 [main] INFO  org.springframework.boot.actuate.endpoint.jmx.EndpointMBeanExporter - Located managed bean 'autoConfigurationReportEndpoint': registering with JMX server as MBean [org.springframework.boot:type=Endpoint,name=autoConfigurationReportEndpoint]
2016-08-27 09:37:23,669 [main] INFO  org.springframework.boot.actuate.endpoint.jmx.EndpointMBeanExporter - Located managed bean 'configurationPropertiesReportEndpoint': registering with JMX server as MBean [org.springframework.boot:type=Endpoint,name=configurationPropertiesReportEndpoint]
2016-08-27 09:37:23,964 [main] INFO  org.apache.coyote.http11.Http11NioProtocol - Initializing ProtocolHandler ["http-nio-8080"]
2016-08-27 09:37:23,983 [main] INFO  org.apache.coyote.http11.Http11NioProtocol - Starting ProtocolHandler ["http-nio-8080"]
2016-08-27 09:37:23,991 [main] INFO  org.apache.tomcat.util.net.NioSelectorPool - Using a shared selector for servlet write/read
2016-08-27 09:37:24,033 [main] INFO  org.springframework.boot.context.embedded.tomcat.TomcatEmbeddedServletContainer - Tomcat started on port(s): 8080 (http)
2016-08-27 09:37:24,037 [main] INFO  com.javachen.example.Application - Hello from prod JavaChen-prod
2016-08-27 09:37:24,038 [main] INFO  com.javachen.example.Application - Started Application in 20.096 seconds (JVM running for 21.495)
2016-08-27 09:42:40,018 [main] INFO  com.javachen.example.Application - Starting Application on total-VirtualBox with PID 4982 (/home/total/git/spring-examples/spring-boot/spring-boot-example/target/classes started by total in /home/total/git/spring-examples/spring-boot/spring-boot-example)
2016-08-27 09:42:40,045 [main] DEBUG com.javachen.example.Application - Running with Spring Boot v1.3.2.RELEASE, Spring v4.2.4.RELEASE
2016-08-27 09:42:40,045 [main] INFO  com.javachen.example.Application - The following profiles are active: prod
2016-08-27 09:42:40,365 [background-preinit] INFO  org.hibernate.validator.internal.util.Version - HV000001: Hibernate Validator 5.2.2.Final
2016-08-27 09:42:40,935 [main] INFO  o.s.boot.context.embedded.AnnotationConfigEmbeddedWebApplicationContext - Refreshing org.springframework.boot.context.embedded.AnnotationConfigEmbeddedWebApplicationContext@4ae3c1cd: startup date [Sat Aug 27 09:42:40 CST 2016]; root of context hierarchy
2016-08-27 09:42:42,611 [main] INFO  org.springframework.beans.factory.support.DefaultListableBeanFactory - Overriding bean definition for bean 'beanNameViewResolver' with a different definition: replacing [Root bean: class [null]; scope=; abstract=false; lazyInit=false; autowireMode=3; dependencyCheck=0; autowireCandidate=true; primary=false; factoryBeanName=org.springframework.boot.autoconfigure.web.ErrorMvcAutoConfiguration$WhitelabelErrorViewConfiguration; factoryMethodName=beanNameViewResolver; initMethodName=null; destroyMethodName=(inferred); defined in class path resource [org/springframework/boot/autoconfigure/web/ErrorMvcAutoConfiguration$WhitelabelErrorViewConfiguration.class]] with [Root bean: class [null]; scope=; abstract=false; lazyInit=false; autowireMode=3; dependencyCheck=0; autowireCandidate=true; primary=false; factoryBeanName=org.springframework.boot.autoconfigure.web.WebMvcAutoConfiguration$WebMvcAutoConfigurationAdapter; factoryMethodName=beanNameViewResolver; initMethodName=null; destroyMethodName=(inferred); defined in class path resource [org/springframework/boot/autoconfigure/web/WebMvcAutoConfiguration$WebMvcAutoConfigurationAdapter.class]]
2016-08-27 09:42:45,098 [main] INFO  org.springframework.boot.context.embedded.tomcat.TomcatEmbeddedServletContainer - Tomcat initialized with port(s): 8080 (http)
2016-08-27 09:42:45,132 [main] INFO  org.apache.catalina.core.StandardService - Starting service Tomcat
2016-08-27 09:42:45,135 [main] INFO  org.apache.catalina.core.StandardEngine - Starting Servlet Engine: Apache Tomcat/8.0.30
2016-08-27 09:42:45,512 [localhost-startStop-1] INFO  org.apache.catalina.core.ContainerBase.[Tomcat].[localhost].[/] - Initializing Spring embedded WebApplicationContext
2016-08-27 09:42:45,512 [localhost-startStop-1] INFO  org.springframework.web.context.ContextLoader - Root WebApplicationContext: initialization completed in 4577 ms
2016-08-27 09:42:46,805 [localhost-startStop-1] INFO  org.springframework.boot.context.embedded.ServletRegistrationBean - Mapping servlet: 'dispatcherServlet' to [/]
2016-08-27 09:42:46,822 [localhost-startStop-1] INFO  org.springframework.boot.context.embedded.FilterRegistrationBean - Mapping filter: 'metricFilter' to: [/*]
2016-08-27 09:42:46,823 [localhost-startStop-1] INFO  org.springframework.boot.context.embedded.FilterRegistrationBean - Mapping filter: 'characterEncodingFilter' to: [/*]
2016-08-27 09:42:46,823 [localhost-startStop-1] INFO  org.springframework.boot.context.embedded.FilterRegistrationBean - Mapping filter: 'hiddenHttpMethodFilter' to: [/*]
2016-08-27 09:42:46,824 [localhost-startStop-1] INFO  org.springframework.boot.context.embedded.FilterRegistrationBean - Mapping filter: 'httpPutFormContentFilter' to: [/*]
2016-08-27 09:42:46,824 [localhost-startStop-1] INFO  org.springframework.boot.context.embedded.FilterRegistrationBean - Mapping filter: 'requestContextFilter' to: [/*]
2016-08-27 09:42:46,824 [localhost-startStop-1] INFO  org.springframework.boot.context.embedded.FilterRegistrationBean - Mapping filter: 'webRequestLoggingFilter' to: [/*]
2016-08-27 09:42:46,824 [localhost-startStop-1] INFO  org.springframework.boot.context.embedded.FilterRegistrationBean - Mapping filter: 'applicationContextIdFilter' to: [/*]
2016-08-27 09:42:47,009 [main] DEBUG com.javachen.example.Application - Sample Debug Message
2016-08-27 09:42:47,617 [main] INFO  o.springframework.web.servlet.mvc.method.annotation.RequestMappingHandlerAdapter - Looking for @ControllerAdvice: org.springframework.boot.context.embedded.AnnotationConfigEmbeddedWebApplicationContext@4ae3c1cd: startup date [Sat Aug 27 09:42:40 CST 2016]; root of context hierarchy
2016-08-27 09:42:47,806 [main] INFO  o.springframework.web.servlet.mvc.method.annotation.RequestMappingHandlerMapping - Mapped "{[/]}" onto java.lang.String com.javachen.example.Application.home()
2016-08-27 09:42:47,812 [main] INFO  o.springframework.web.servlet.mvc.method.annotation.RequestMappingHandlerMapping - Mapped "{[/error],produces=[text/html]}" onto public org.springframework.web.servlet.ModelAndView org.springframework.boot.autoconfigure.web.BasicErrorController.errorHtml(javax.servlet.http.HttpServletRequest,javax.servlet.http.HttpServletResponse)
2016-08-27 09:42:47,813 [main] INFO  o.springframework.web.servlet.mvc.method.annotation.RequestMappingHandlerMapping - Mapped "{[/error]}" onto public org.springframework.http.ResponseEntity<java.util.Map<java.lang.String, java.lang.Object>> org.springframework.boot.autoconfigure.web.BasicErrorController.error(javax.servlet.http.HttpServletRequest)
2016-08-27 09:42:47,878 [main] INFO  org.springframework.web.servlet.handler.SimpleUrlHandlerMapping - Mapped URL path [/webjars/**] onto handler of type [class org.springframework.web.servlet.resource.ResourceHttpRequestHandler]
2016-08-27 09:42:47,879 [main] INFO  org.springframework.web.servlet.handler.SimpleUrlHandlerMapping - Mapped URL path [/**] onto handler of type [class org.springframework.web.servlet.resource.ResourceHttpRequestHandler]
2016-08-27 09:42:47,976 [main] INFO  org.springframework.web.servlet.handler.SimpleUrlHandlerMapping - Mapped URL path [/**/favicon.ico] onto handler of type [class org.springframework.web.servlet.resource.ResourceHttpRequestHandler]
2016-08-27 09:42:48,142 [main] INFO  o.s.boot.actuate.autoconfigure.ShellProperties$SimpleAuthenticationProperties - 

Using default password for shell access: 439c0c17-bee2-4b6c-9949-de897af8fcdc


2016-08-27 09:42:48,142 [main] WARN  org.springframework.boot.actuate.autoconfigure.ShellProperties - Shell authentication fell back to method 'simple' opposed to configured method 'spring'. Please check your classpath.
2016-08-27 09:42:48,224 [main] INFO  org.crsh.plugin.PluginManager - Loaded plugin Plugin[type=SSHPlugin,interface=SSHPlugin]
2016-08-27 09:42:48,226 [main] INFO  org.crsh.plugin.PluginManager - Loaded plugin Plugin[type=SSHInlinePlugin,interface=CommandPlugin]
2016-08-27 09:42:48,227 [main] INFO  org.crsh.plugin.PluginManager - Loaded plugin Plugin[type=KeyAuthenticationPlugin,interface=KeyAuthenticationPlugin]
2016-08-27 09:42:48,240 [main] INFO  org.crsh.plugin.PluginManager - Loaded plugin Plugin[type=CronPlugin,interface=CronPlugin]
2016-08-27 09:42:48,246 [main] INFO  org.crsh.plugin.PluginManager - Loaded plugin Plugin[type=MailPlugin,interface=MailPlugin]
2016-08-27 09:42:48,254 [main] INFO  org.crsh.plugin.PluginManager - Loaded plugin Plugin[type=CRaSHShellFactory,interface=ShellFactory]
2016-08-27 09:42:48,255 [main] INFO  org.crsh.plugin.PluginManager - Loaded plugin Plugin[type=GroovyLanguageProxy,interface=Language]
2016-08-27 09:42:48,256 [main] INFO  org.crsh.plugin.PluginManager - Loaded plugin Plugin[type=JavaLanguage,interface=Language]
2016-08-27 09:42:48,265 [main] INFO  org.crsh.plugin.PluginManager - Loaded plugin Plugin[type=ScriptLanguage,interface=Language]
2016-08-27 09:42:48,269 [main] INFO  org.crsh.plugin.PluginManager - Loaded plugin Plugin[type=JaasAuthenticationPlugin,interface=AuthenticationPlugin]
2016-08-27 09:42:48,270 [main] INFO  org.crsh.plugin.PluginManager - Loaded plugin Plugin[type=SimpleAuthenticationPlugin,interface=AuthenticationPlugin]
2016-08-27 09:42:48,271 [main] INFO  o.s.boot.actuate.autoconfigure.CrshAutoConfiguration$CrshBootstrapBean - Configuring property ssh.port=2222 from properties
2016-08-27 09:42:48,274 [main] INFO  o.s.boot.actuate.autoconfigure.CrshAutoConfiguration$CrshBootstrapBean - Configuring property ssh.auth_timeout=600000 from properties
2016-08-27 09:42:48,274 [main] INFO  o.s.boot.actuate.autoconfigure.CrshAutoConfiguration$CrshBootstrapBean - Configuring property ssh.idle_timeout=600000 from properties
2016-08-27 09:42:48,274 [main] INFO  o.s.boot.actuate.autoconfigure.CrshAutoConfiguration$CrshBootstrapBean - Configuring property ssh.default_encoding=UTF-8 from properties
2016-08-27 09:42:48,274 [main] INFO  o.s.boot.actuate.autoconfigure.CrshAutoConfiguration$CrshBootstrapBean - Configuring property auth=simple from properties
2016-08-27 09:42:48,275 [main] INFO  o.s.boot.actuate.autoconfigure.CrshAutoConfiguration$CrshBootstrapBean - Configuring property auth.simple.username=user from properties
2016-08-27 09:42:48,275 [main] INFO  o.s.boot.actuate.autoconfigure.CrshAutoConfiguration$CrshBootstrapBean - Configuring property auth.simple.password=439c0c17-bee2-4b6c-9949-de897af8fcdc from properties
2016-08-27 09:42:48,293 [main] INFO  org.crsh.plugin.PluginManager - Initialized plugin Plugin[type=KeyAuthenticationPlugin,interface=KeyAuthenticationPlugin]
2016-08-27 09:42:48,293 [main] INFO  org.crsh.plugin.PluginManager - Initialized plugin Plugin[type=JaasAuthenticationPlugin,interface=AuthenticationPlugin]
2016-08-27 09:42:48,293 [main] INFO  org.crsh.plugin.PluginManager - Initialized plugin Plugin[type=SimpleAuthenticationPlugin,interface=AuthenticationPlugin]
2016-08-27 09:42:48,293 [main] INFO  org.crsh.ssh.SSHPlugin - Booting SSHD
2016-08-27 09:42:48,349 [main] INFO  org.crsh.plugin.PluginManager - Initialized plugin Plugin[type=GroovyLanguageProxy,interface=Language]
2016-08-27 09:42:48,355 [main] INFO  org.crsh.plugin.PluginManager - Initialized plugin Plugin[type=JavaLanguage,interface=Language]
2016-08-27 09:42:48,355 [main] INFO  org.crsh.plugin.PluginManager - Initialized plugin Plugin[type=ScriptLanguage,interface=Language]
2016-08-27 09:42:48,362 [main] INFO  org.crsh.plugin.PluginManager - Initialized plugin Plugin[type=CRaSHShellFactory,interface=ShellFactory]
2016-08-27 09:42:48,592 [main] INFO  org.apache.sshd.common.util.SecurityUtils - Trying to register BouncyCastle as a JCE provider
2016-08-27 09:42:48,895 [main] INFO  org.apache.sshd.common.util.SecurityUtils - Registration succeeded
2016-08-27 09:42:48,977 [main] INFO  org.crsh.ssh.term.SSHLifeCycle - About to start CRaSSHD
2016-08-27 09:42:49,012 [main] ERROR org.crsh.ssh.term.SSHLifeCycle - Could not start CRaSSHD
java.net.BindException: Address already in use
	at sun.nio.ch.Net.bind0(Native Method) ~[na:1.8.0_91]
	at sun.nio.ch.Net.bind(Net.java:433) ~[na:1.8.0_91]
	at sun.nio.ch.Net.bind(Net.java:425) ~[na:1.8.0_91]
	at sun.nio.ch.AsynchronousServerSocketChannelImpl.bind(AsynchronousServerSocketChannelImpl.java:162) ~[na:1.8.0_91]
	at org.apache.sshd.common.io.nio2.Nio2Acceptor.bind(Nio2Acceptor.java:59) ~[sshd-core-0.11.0.jar:0.11.0]
	at org.apache.sshd.SshServer.start(SshServer.java:349) ~[sshd-core-0.11.0.jar:0.11.0]
	at org.crsh.ssh.term.SSHLifeCycle.init(SSHLifeCycle.java:185) ~[crash.connectors.ssh-1.3.2.jar:na]
	at org.crsh.ssh.SSHPlugin.init(SSHPlugin.java:194) [crash.connectors.ssh-1.3.2.jar:na]
	at org.crsh.plugin.PluginManager.getPlugins(PluginManager.java:83) [crash.shell-1.3.2.jar:na]
	at org.crsh.plugin.PluginContext.start(PluginContext.java:327) [crash.shell-1.3.2.jar:na]
	at org.crsh.plugin.PluginLifeCycle.start(PluginLifeCycle.java:104) [crash.shell-1.3.2.jar:na]
	at org.springframework.boot.actuate.autoconfigure.CrshAutoConfiguration$CrshBootstrapBean.init(CrshAutoConfiguration.java:230) [spring-boot-actuator-1.3.2.RELEASE.jar:1.3.2.RELEASE]
	at sun.reflect.NativeMethodAccessorImpl.invoke0(Native Method) ~[na:1.8.0_91]
	at sun.reflect.NativeMethodAccessorImpl.invoke(NativeMethodAccessorImpl.java:62) ~[na:1.8.0_91]
	at sun.reflect.DelegatingMethodAccessorImpl.invoke(DelegatingMethodAccessorImpl.java:43) ~[na:1.8.0_91]
	at java.lang.reflect.Method.invoke(Method.java:498) ~[na:1.8.0_91]
	at org.springframework.beans.factory.annotation.InitDestroyAnnotationBeanPostProcessor$LifecycleElement.invoke(InitDestroyAnnotationBeanPostProcessor.java:354) [spring-beans-4.2.4.RELEASE.jar:4.2.4.RELEASE]
	at org.springframework.beans.factory.annotation.InitDestroyAnnotationBeanPostProcessor$LifecycleMetadata.invokeInitMethods(InitDestroyAnnotationBeanPostProcessor.java:305) [spring-beans-4.2.4.RELEASE.jar:4.2.4.RELEASE]
	at org.springframework.beans.factory.annotation.InitDestroyAnnotationBeanPostProcessor.postProcessBeforeInitialization(InitDestroyAnnotationBeanPostProcessor.java:133) [spring-beans-4.2.4.RELEASE.jar:4.2.4.RELEASE]
	at org.springframework.beans.factory.support.AbstractAutowireCapableBeanFactory.applyBeanPostProcessorsBeforeInitialization(AbstractAutowireCapableBeanFactory.java:408) [spring-beans-4.2.4.RELEASE.jar:4.2.4.RELEASE]
	at org.springframework.beans.factory.support.AbstractAutowireCapableBeanFactory.initializeBean(AbstractAutowireCapableBeanFactory.java:1570) [spring-beans-4.2.4.RELEASE.jar:4.2.4.RELEASE]
	at org.springframework.beans.factory.support.AbstractAutowireCapableBeanFactory.doCreateBean(AbstractAutowireCapableBeanFactory.java:545) [spring-beans-4.2.4.RELEASE.jar:4.2.4.RELEASE]
	at org.springframework.beans.factory.support.AbstractAutowireCapableBeanFactory.createBean(AbstractAutowireCapableBeanFactory.java:482) [spring-beans-4.2.4.RELEASE.jar:4.2.4.RELEASE]
	at org.springframework.beans.factory.support.AbstractBeanFactory$1.getObject(AbstractBeanFactory.java:306) [spring-beans-4.2.4.RELEASE.jar:4.2.4.RELEASE]
	at org.springframework.beans.factory.support.DefaultSingletonBeanRegistry.getSingleton(DefaultSingletonBeanRegistry.java:230) [spring-beans-4.2.4.RELEASE.jar:4.2.4.RELEASE]
	at org.springframework.beans.factory.support.AbstractBeanFactory.doGetBean(AbstractBeanFactory.java:302) [spring-beans-4.2.4.RELEASE.jar:4.2.4.RELEASE]
	at org.springframework.beans.factory.support.AbstractBeanFactory.getBean(AbstractBeanFactory.java:197) [spring-beans-4.2.4.RELEASE.jar:4.2.4.RELEASE]
	at org.springframework.beans.factory.support.DefaultListableBeanFactory.preInstantiateSingletons(DefaultListableBeanFactory.java:772) [spring-beans-4.2.4.RELEASE.jar:4.2.4.RELEASE]
	at org.springframework.context.support.AbstractApplicationContext.finishBeanFactoryInitialization(AbstractApplicationContext.java:839) [spring-context-4.2.4.RELEASE.jar:4.2.4.RELEASE]
	at org.springframework.context.support.AbstractApplicationContext.refresh(AbstractApplicationContext.java:538) [spring-context-4.2.4.RELEASE.jar:4.2.4.RELEASE]
	at org.springframework.boot.context.embedded.EmbeddedWebApplicationContext.refresh(EmbeddedWebApplicationContext.java:118) [spring-boot-1.3.2.RELEASE.jar:1.3.2.RELEASE]
	at org.springframework.boot.SpringApplication.refresh(SpringApplication.java:766) [spring-boot-1.3.2.RELEASE.jar:1.3.2.RELEASE]
	at org.springframework.boot.SpringApplication.createAndRefreshContext(SpringApplication.java:361) [spring-boot-1.3.2.RELEASE.jar:1.3.2.RELEASE]
	at org.springframework.boot.SpringApplication.run(SpringApplication.java:307) [spring-boot-1.3.2.RELEASE.jar:1.3.2.RELEASE]
	at org.springframework.boot.SpringApplication.run(SpringApplication.java:1191) [spring-boot-1.3.2.RELEASE.jar:1.3.2.RELEASE]
	at org.springframework.boot.SpringApplication.run(SpringApplication.java:1180) [spring-boot-1.3.2.RELEASE.jar:1.3.2.RELEASE]
	at com.javachen.example.Application.main(Application.java:38) [classes/:na]
2016-08-27 09:42:49,013 [main] INFO  org.crsh.plugin.PluginManager - Initialized plugin Plugin[type=SSHPlugin,interface=SSHPlugin]
2016-08-27 09:42:49,013 [main] INFO  org.crsh.plugin.PluginManager - Initialized plugin Plugin[type=SSHInlinePlugin,interface=CommandPlugin]
2016-08-27 09:42:49,013 [main] INFO  org.crsh.plugin.PluginManager - Initialized plugin Plugin[type=CronPlugin,interface=CronPlugin]
2016-08-27 09:42:49,013 [main] INFO  org.crsh.plugin.PluginManager - Initialized plugin Plugin[type=MailPlugin,interface=MailPlugin]
2016-08-27 09:42:49,716 [main] INFO  org.springframework.boot.actuate.endpoint.mvc.EndpointHandlerMapping - Mapped "{[/mappings || /mappings.json],methods=[GET],produces=[application/json]}" onto public java.lang.Object org.springframework.boot.actuate.endpoint.mvc.EndpointMvcAdapter.invoke()
2016-08-27 09:42:49,717 [main] INFO  org.springframework.boot.actuate.endpoint.mvc.EndpointHandlerMapping - Mapped "{[/autoconfig || /autoconfig.json],methods=[GET],produces=[application/json]}" onto public java.lang.Object org.springframework.boot.actuate.endpoint.mvc.EndpointMvcAdapter.invoke()
2016-08-27 09:42:49,718 [main] INFO  org.springframework.boot.actuate.endpoint.mvc.EndpointHandlerMapping - Mapped "{[/dump || /dump.json],methods=[GET],produces=[application/json]}" onto public java.lang.Object org.springframework.boot.actuate.endpoint.mvc.EndpointMvcAdapter.invoke()
2016-08-27 09:42:49,718 [main] INFO  org.springframework.boot.actuate.endpoint.mvc.EndpointHandlerMapping - Mapped "{[/metrics/{name:.*}],methods=[GET],produces=[application/json]}" onto public java.lang.Object org.springframework.boot.actuate.endpoint.mvc.MetricsMvcEndpoint.value(java.lang.String)
2016-08-27 09:42:49,723 [main] INFO  org.springframework.boot.actuate.endpoint.mvc.EndpointHandlerMapping - Mapped "{[/metrics || /metrics.json],methods=[GET],produces=[application/json]}" onto public java.lang.Object org.springframework.boot.actuate.endpoint.mvc.EndpointMvcAdapter.invoke()
2016-08-27 09:42:49,725 [main] INFO  org.springframework.boot.actuate.endpoint.mvc.EndpointHandlerMapping - Mapped "{[/info || /info.json],methods=[GET],produces=[application/json]}" onto public java.lang.Object org.springframework.boot.actuate.endpoint.mvc.EndpointMvcAdapter.invoke()
2016-08-27 09:42:49,726 [main] INFO  org.springframework.boot.actuate.endpoint.mvc.EndpointHandlerMapping - Mapped "{[/health || /health.json],produces=[application/json]}" onto public java.lang.Object org.springframework.boot.actuate.endpoint.mvc.HealthMvcEndpoint.invoke(java.security.Principal)
2016-08-27 09:42:49,731 [main] INFO  org.springframework.boot.actuate.endpoint.mvc.EndpointHandlerMapping - Mapped "{[/env/{name:.*}],methods=[GET],produces=[application/json]}" onto public java.lang.Object org.springframework.boot.actuate.endpoint.mvc.EnvironmentMvcEndpoint.value(java.lang.String)
2016-08-27 09:42:49,734 [main] INFO  org.springframework.boot.actuate.endpoint.mvc.EndpointHandlerMapping - Mapped "{[/env || /env.json],methods=[GET],produces=[application/json]}" onto public java.lang.Object org.springframework.boot.actuate.endpoint.mvc.EndpointMvcAdapter.invoke()
2016-08-27 09:42:49,738 [main] INFO  org.springframework.boot.actuate.endpoint.mvc.EndpointHandlerMapping - Mapped "{[/trace || /trace.json],methods=[GET],produces=[application/json]}" onto public java.lang.Object org.springframework.boot.actuate.endpoint.mvc.EndpointMvcAdapter.invoke()
2016-08-27 09:42:49,739 [main] INFO  org.springframework.boot.actuate.endpoint.mvc.EndpointHandlerMapping - Mapped "{[/configprops || /configprops.json],methods=[GET],produces=[application/json]}" onto public java.lang.Object org.springframework.boot.actuate.endpoint.mvc.EndpointMvcAdapter.invoke()
2016-08-27 09:42:49,740 [main] INFO  org.springframework.boot.actuate.endpoint.mvc.EndpointHandlerMapping - Mapped "{[/beans || /beans.json],methods=[GET],produces=[application/json]}" onto public java.lang.Object org.springframework.boot.actuate.endpoint.mvc.EndpointMvcAdapter.invoke()
2016-08-27 09:42:49,922 [main] INFO  org.springframework.jmx.export.annotation.AnnotationMBeanExporter - Registering beans for JMX exposure on startup
2016-08-27 09:42:49,956 [main] INFO  org.springframework.boot.actuate.endpoint.jmx.EndpointMBeanExporter - Registering beans for JMX exposure on startup
2016-08-27 09:42:49,967 [main] INFO  org.springframework.context.support.DefaultLifecycleProcessor - Starting beans in phase 0
2016-08-27 09:42:49,970 [main] INFO  org.springframework.boot.actuate.endpoint.jmx.EndpointMBeanExporter - Located managed bean 'requestMappingEndpoint': registering with JMX server as MBean [org.springframework.boot:type=Endpoint,name=requestMappingEndpoint]
2016-08-27 09:42:50,026 [main] INFO  org.springframework.boot.actuate.endpoint.jmx.EndpointMBeanExporter - Located managed bean 'environmentEndpoint': registering with JMX server as MBean [org.springframework.boot:type=Endpoint,name=environmentEndpoint]
2016-08-27 09:42:50,050 [main] INFO  org.springframework.boot.actuate.endpoint.jmx.EndpointMBeanExporter - Located managed bean 'healthEndpoint': registering with JMX server as MBean [org.springframework.boot:type=Endpoint,name=healthEndpoint]
2016-08-27 09:42:50,058 [main] INFO  org.springframework.boot.actuate.endpoint.jmx.EndpointMBeanExporter - Located managed bean 'beansEndpoint': registering with JMX server as MBean [org.springframework.boot:type=Endpoint,name=beansEndpoint]
2016-08-27 09:42:50,075 [main] INFO  org.springframework.boot.actuate.endpoint.jmx.EndpointMBeanExporter - Located managed bean 'infoEndpoint': registering with JMX server as MBean [org.springframework.boot:type=Endpoint,name=infoEndpoint]
2016-08-27 09:42:50,077 [main] INFO  org.springframework.boot.actuate.endpoint.jmx.EndpointMBeanExporter - Located managed bean 'metricsEndpoint': registering with JMX server as MBean [org.springframework.boot:type=Endpoint,name=metricsEndpoint]
2016-08-27 09:42:50,090 [main] INFO  org.springframework.boot.actuate.endpoint.jmx.EndpointMBeanExporter - Located managed bean 'traceEndpoint': registering with JMX server as MBean [org.springframework.boot:type=Endpoint,name=traceEndpoint]
2016-08-27 09:42:50,092 [main] INFO  org.springframework.boot.actuate.endpoint.jmx.EndpointMBeanExporter - Located managed bean 'dumpEndpoint': registering with JMX server as MBean [org.springframework.boot:type=Endpoint,name=dumpEndpoint]
2016-08-27 09:42:50,109 [main] INFO  org.springframework.boot.actuate.endpoint.jmx.EndpointMBeanExporter - Located managed bean 'autoConfigurationReportEndpoint': registering with JMX server as MBean [org.springframework.boot:type=Endpoint,name=autoConfigurationReportEndpoint]
2016-08-27 09:42:50,135 [main] INFO  org.springframework.boot.actuate.endpoint.jmx.EndpointMBeanExporter - Located managed bean 'configurationPropertiesReportEndpoint': registering with JMX server as MBean [org.springframework.boot:type=Endpoint,name=configurationPropertiesReportEndpoint]
2016-08-27 09:42:50,194 [main] INFO  org.apache.coyote.http11.Http11NioProtocol - Initializing ProtocolHandler ["http-nio-8080"]
2016-08-27 09:42:50,286 [main] INFO  org.apache.coyote.http11.Http11NioProtocol - Starting ProtocolHandler ["http-nio-8080"]
2016-08-27 09:42:50,295 [main] ERROR org.apache.coyote.http11.Http11NioProtocol - Failed to start end point associated with ProtocolHandler ["http-nio-8080"]
java.net.BindException: Address already in use
	at sun.nio.ch.Net.bind0(Native Method) ~[na:1.8.0_91]
	at sun.nio.ch.Net.bind(Net.java:433) ~[na:1.8.0_91]
	at sun.nio.ch.Net.bind(Net.java:425) ~[na:1.8.0_91]
	at sun.nio.ch.ServerSocketChannelImpl.bind(ServerSocketChannelImpl.java:223) ~[na:1.8.0_91]
	at sun.nio.ch.ServerSocketAdaptor.bind(ServerSocketAdaptor.java:74) ~[na:1.8.0_91]
	at org.apache.tomcat.util.net.NioEndpoint.bind(NioEndpoint.java:340) ~[tomcat-embed-core-8.0.30.jar:8.0.30]
	at org.apache.tomcat.util.net.AbstractEndpoint.start(AbstractEndpoint.java:765) ~[tomcat-embed-core-8.0.30.jar:8.0.30]
	at org.apache.coyote.AbstractProtocol.start(AbstractProtocol.java:473) ~[tomcat-embed-core-8.0.30.jar:8.0.30]
	at org.apache.catalina.connector.Connector.startInternal(Connector.java:986) [tomcat-embed-core-8.0.30.jar:8.0.30]
	at org.apache.catalina.util.LifecycleBase.start(LifecycleBase.java:150) [tomcat-embed-core-8.0.30.jar:8.0.30]
	at org.apache.catalina.core.StandardService.addConnector(StandardService.java:239) [tomcat-embed-core-8.0.30.jar:8.0.30]
	at org.springframework.boot.context.embedded.tomcat.TomcatEmbeddedServletContainer.addPreviouslyRemovedConnectors(TomcatEmbeddedServletContainer.java:194) [spring-boot-1.3.2.RELEASE.jar:1.3.2.RELEASE]
	at org.springframework.boot.context.embedded.tomcat.TomcatEmbeddedServletContainer.start(TomcatEmbeddedServletContainer.java:151) [spring-boot-1.3.2.RELEASE.jar:1.3.2.RELEASE]
	at org.springframework.boot.context.embedded.EmbeddedWebApplicationContext.startEmbeddedServletContainer(EmbeddedWebApplicationContext.java:293) [spring-boot-1.3.2.RELEASE.jar:1.3.2.RELEASE]
	at org.springframework.boot.context.embedded.EmbeddedWebApplicationContext.finishRefresh(EmbeddedWebApplicationContext.java:141) [spring-boot-1.3.2.RELEASE.jar:1.3.2.RELEASE]
	at org.springframework.context.support.AbstractApplicationContext.refresh(AbstractApplicationContext.java:541) [spring-context-4.2.4.RELEASE.jar:4.2.4.RELEASE]
	at org.springframework.boot.context.embedded.EmbeddedWebApplicationContext.refresh(EmbeddedWebApplicationContext.java:118) [spring-boot-1.3.2.RELEASE.jar:1.3.2.RELEASE]
	at org.springframework.boot.SpringApplication.refresh(SpringApplication.java:766) [spring-boot-1.3.2.RELEASE.jar:1.3.2.RELEASE]
	at org.springframework.boot.SpringApplication.createAndRefreshContext(SpringApplication.java:361) [spring-boot-1.3.2.RELEASE.jar:1.3.2.RELEASE]
	at org.springframework.boot.SpringApplication.run(SpringApplication.java:307) [spring-boot-1.3.2.RELEASE.jar:1.3.2.RELEASE]
	at org.springframework.boot.SpringApplication.run(SpringApplication.java:1191) [spring-boot-1.3.2.RELEASE.jar:1.3.2.RELEASE]
	at org.springframework.boot.SpringApplication.run(SpringApplication.java:1180) [spring-boot-1.3.2.RELEASE.jar:1.3.2.RELEASE]
	at com.javachen.example.Application.main(Application.java:38) [classes/:na]
2016-08-27 09:42:50,299 [main] ERROR org.apache.catalina.core.StandardService - Failed to start connector [Connector[HTTP/1.1-8080]]
org.apache.catalina.LifecycleException: Failed to start component [Connector[HTTP/1.1-8080]]
	at org.apache.catalina.util.LifecycleBase.start(LifecycleBase.java:154) ~[tomcat-embed-core-8.0.30.jar:8.0.30]
	at org.apache.catalina.core.StandardService.addConnector(StandardService.java:239) ~[tomcat-embed-core-8.0.30.jar:8.0.30]
	at org.springframework.boot.context.embedded.tomcat.TomcatEmbeddedServletContainer.addPreviouslyRemovedConnectors(TomcatEmbeddedServletContainer.java:194) [spring-boot-1.3.2.RELEASE.jar:1.3.2.RELEASE]
	at org.springframework.boot.context.embedded.tomcat.TomcatEmbeddedServletContainer.start(TomcatEmbeddedServletContainer.java:151) [spring-boot-1.3.2.RELEASE.jar:1.3.2.RELEASE]
	at org.springframework.boot.context.embedded.EmbeddedWebApplicationContext.startEmbeddedServletContainer(EmbeddedWebApplicationContext.java:293) [spring-boot-1.3.2.RELEASE.jar:1.3.2.RELEASE]
	at org.springframework.boot.context.embedded.EmbeddedWebApplicationContext.finishRefresh(EmbeddedWebApplicationContext.java:141) [spring-boot-1.3.2.RELEASE.jar:1.3.2.RELEASE]
	at org.springframework.context.support.AbstractApplicationContext.refresh(AbstractApplicationContext.java:541) [spring-context-4.2.4.RELEASE.jar:4.2.4.RELEASE]
	at org.springframework.boot.context.embedded.EmbeddedWebApplicationContext.refresh(EmbeddedWebApplicationContext.java:118) [spring-boot-1.3.2.RELEASE.jar:1.3.2.RELEASE]
	at org.springframework.boot.SpringApplication.refresh(SpringApplication.java:766) [spring-boot-1.3.2.RELEASE.jar:1.3.2.RELEASE]
	at org.springframework.boot.SpringApplication.createAndRefreshContext(SpringApplication.java:361) [spring-boot-1.3.2.RELEASE.jar:1.3.2.RELEASE]
	at org.springframework.boot.SpringApplication.run(SpringApplication.java:307) [spring-boot-1.3.2.RELEASE.jar:1.3.2.RELEASE]
	at org.springframework.boot.SpringApplication.run(SpringApplication.java:1191) [spring-boot-1.3.2.RELEASE.jar:1.3.2.RELEASE]
	at org.springframework.boot.SpringApplication.run(SpringApplication.java:1180) [spring-boot-1.3.2.RELEASE.jar:1.3.2.RELEASE]
	at com.javachen.example.Application.main(Application.java:38) [classes/:na]
Caused by: org.apache.catalina.LifecycleException: service.getName(): "Tomcat";  Protocol handler start failed
	at org.apache.catalina.connector.Connector.startInternal(Connector.java:993) ~[tomcat-embed-core-8.0.30.jar:8.0.30]
	at org.apache.catalina.util.LifecycleBase.start(LifecycleBase.java:150) ~[tomcat-embed-core-8.0.30.jar:8.0.30]
	... 13 common frames omitted
Caused by: java.net.BindException: Address already in use
	at sun.nio.ch.Net.bind0(Native Method) ~[na:1.8.0_91]
	at sun.nio.ch.Net.bind(Net.java:433) ~[na:1.8.0_91]
	at sun.nio.ch.Net.bind(Net.java:425) ~[na:1.8.0_91]
	at sun.nio.ch.ServerSocketChannelImpl.bind(ServerSocketChannelImpl.java:223) ~[na:1.8.0_91]
	at sun.nio.ch.ServerSocketAdaptor.bind(ServerSocketAdaptor.java:74) ~[na:1.8.0_91]
	at org.apache.tomcat.util.net.NioEndpoint.bind(NioEndpoint.java:340) ~[tomcat-embed-core-8.0.30.jar:8.0.30]
	at org.apache.tomcat.util.net.AbstractEndpoint.start(AbstractEndpoint.java:765) ~[tomcat-embed-core-8.0.30.jar:8.0.30]
	at org.apache.coyote.AbstractProtocol.start(AbstractProtocol.java:473) ~[tomcat-embed-core-8.0.30.jar:8.0.30]
	at org.apache.catalina.connector.Connector.startInternal(Connector.java:986) ~[tomcat-embed-core-8.0.30.jar:8.0.30]
	... 14 common frames omitted
2016-08-27 09:42:50,316 [main] INFO  org.apache.coyote.http11.Http11NioProtocol - Pausing ProtocolHandler ["http-nio-8080"]
2016-08-27 09:42:50,316 [main] INFO  org.apache.catalina.core.StandardService - Stopping service Tomcat
2016-08-27 09:42:50,343 [main] INFO  org.apache.catalina.util.LifecycleBase - The stop() method was called on component [StandardServer[-1]] after stop() had already been called. The second call will be ignored.
2016-08-27 09:42:50,343 [main] INFO  org.apache.coyote.http11.Http11NioProtocol - Stopping ProtocolHandler ["http-nio-8080"]
2016-08-27 09:42:50,344 [main] INFO  org.apache.coyote.http11.Http11NioProtocol - Destroying ProtocolHandler ["http-nio-8080"]
2016-08-27 09:42:50,352 [main] ERROR org.springframework.boot.SpringApplication - Application startup failed
org.springframework.boot.context.embedded.EmbeddedServletContainerException: Unable to start embedded Tomcat servlet container
	at org.springframework.boot.context.embedded.tomcat.TomcatEmbeddedServletContainer.start(TomcatEmbeddedServletContainer.java:165) ~[spring-boot-1.3.2.RELEASE.jar:1.3.2.RELEASE]
	at org.springframework.boot.context.embedded.EmbeddedWebApplicationContext.startEmbeddedServletContainer(EmbeddedWebApplicationContext.java:293) ~[spring-boot-1.3.2.RELEASE.jar:1.3.2.RELEASE]
	at org.springframework.boot.context.embedded.EmbeddedWebApplicationContext.finishRefresh(EmbeddedWebApplicationContext.java:141) ~[spring-boot-1.3.2.RELEASE.jar:1.3.2.RELEASE]
	at org.springframework.context.support.AbstractApplicationContext.refresh(AbstractApplicationContext.java:541) ~[spring-context-4.2.4.RELEASE.jar:4.2.4.RELEASE]
	at org.springframework.boot.context.embedded.EmbeddedWebApplicationContext.refresh(EmbeddedWebApplicationContext.java:118) ~[spring-boot-1.3.2.RELEASE.jar:1.3.2.RELEASE]
	at org.springframework.boot.SpringApplication.refresh(SpringApplication.java:766) [spring-boot-1.3.2.RELEASE.jar:1.3.2.RELEASE]
	at org.springframework.boot.SpringApplication.createAndRefreshContext(SpringApplication.java:361) [spring-boot-1.3.2.RELEASE.jar:1.3.2.RELEASE]
	at org.springframework.boot.SpringApplication.run(SpringApplication.java:307) [spring-boot-1.3.2.RELEASE.jar:1.3.2.RELEASE]
	at org.springframework.boot.SpringApplication.run(SpringApplication.java:1191) [spring-boot-1.3.2.RELEASE.jar:1.3.2.RELEASE]
	at org.springframework.boot.SpringApplication.run(SpringApplication.java:1180) [spring-boot-1.3.2.RELEASE.jar:1.3.2.RELEASE]
	at com.javachen.example.Application.main(Application.java:38) [classes/:na]
Caused by: java.lang.IllegalStateException: Tomcat connector in failed state
	at org.springframework.boot.context.embedded.tomcat.TomcatEmbeddedServletContainer.start(TomcatEmbeddedServletContainer.java:159) ~[spring-boot-1.3.2.RELEASE.jar:1.3.2.RELEASE]
	... 10 common frames omitted
2016-08-27 09:42:50,362 [main] INFO  org.springframework.boot.logging.ClasspathLoggingApplicationListener - Application failed to start with classpath: [file:/home/total/git/spring-examples/spring-boot/spring-boot-example/target/classes/, file:/home/total/.m2/repository/org/springframework/boot/spring-boot-starter-actuator/1.3.2.RELEASE/spring-boot-starter-actuator-1.3.2.RELEASE.jar, file:/home/total/.m2/repository/org/springframework/boot/spring-boot-starter/1.3.2.RELEASE/spring-boot-starter-1.3.2.RELEASE.jar, file:/home/total/.m2/repository/org/springframework/boot/spring-boot/1.3.2.RELEASE/spring-boot-1.3.2.RELEASE.jar, file:/home/total/.m2/repository/org/springframework/boot/spring-boot-autoconfigure/1.3.2.RELEASE/spring-boot-autoconfigure-1.3.2.RELEASE.jar, file:/home/total/.m2/repository/org/springframework/boot/spring-boot-starter-logging/1.3.2.RELEASE/spring-boot-starter-logging-1.3.2.RELEASE.jar, file:/home/total/.m2/repository/ch/qos/logback/logback-classic/1.1.3/logback-classic-1.1.3.jar, file:/home/total/.m2/repository/ch/qos/logback/logback-core/1.1.3/logback-core-1.1.3.jar, file:/home/total/.m2/repository/org/slf4j/jcl-over-slf4j/1.7.13/jcl-over-slf4j-1.7.13.jar, file:/home/total/.m2/repository/org/slf4j/jul-to-slf4j/1.7.13/jul-to-slf4j-1.7.13.jar, file:/home/total/.m2/repository/org/slf4j/log4j-over-slf4j/1.7.13/log4j-over-slf4j-1.7.13.jar, file:/home/total/.m2/repository/org/yaml/snakeyaml/1.16/snakeyaml-1.16.jar, file:/home/total/.m2/repository/org/springframework/boot/spring-boot-actuator/1.3.2.RELEASE/spring-boot-actuator-1.3.2.RELEASE.jar, file:/home/total/.m2/repository/org/springframework/spring-context/4.2.4.RELEASE/spring-context-4.2.4.RELEASE.jar, file:/home/total/.m2/repository/org/springframework/boot/spring-boot-starter-web/1.3.2.RELEASE/spring-boot-starter-web-1.3.2.RELEASE.jar, file:/home/total/.m2/repository/org/springframework/boot/spring-boot-starter-tomcat/1.3.2.RELEASE/spring-boot-starter-tomcat-1.3.2.RELEASE.jar, file:/home/total/.m2/repository/org/apache/tomcat/embed/tomcat-embed-core/8.0.30/tomcat-embed-core-8.0.30.jar, file:/home/total/.m2/repository/org/apache/tomcat/embed/tomcat-embed-el/8.0.30/tomcat-embed-el-8.0.30.jar, file:/home/total/.m2/repository/org/apache/tomcat/embed/tomcat-embed-logging-juli/8.0.30/tomcat-embed-logging-juli-8.0.30.jar, file:/home/total/.m2/repository/org/apache/tomcat/embed/tomcat-embed-websocket/8.0.30/tomcat-embed-websocket-8.0.30.jar, file:/home/total/.m2/repository/org/springframework/boot/spring-boot-starter-validation/1.3.2.RELEASE/spring-boot-starter-validation-1.3.2.RELEASE.jar, file:/home/total/.m2/repository/org/hibernate/hibernate-validator/5.2.2.Final/hibernate-validator-5.2.2.Final.jar, file:/home/total/.m2/repository/javax/validation/validation-api/1.1.0.Final/validation-api-1.1.0.Final.jar, file:/home/total/.m2/repository/org/jboss/logging/jboss-logging/3.3.0.Final/jboss-logging-3.3.0.Final.jar, file:/home/total/.m2/repository/com/fasterxml/classmate/1.1.0/classmate-1.1.0.jar, file:/home/total/.m2/repository/com/fasterxml/jackson/core/jackson-databind/2.6.5/jackson-databind-2.6.5.jar, file:/home/total/.m2/repository/com/fasterxml/jackson/core/jackson-annotations/2.6.5/jackson-annotations-2.6.5.jar, file:/home/total/.m2/repository/com/fasterxml/jackson/core/jackson-core/2.6.5/jackson-core-2.6.5.jar, file:/home/total/.m2/repository/org/springframework/spring-web/4.2.4.RELEASE/spring-web-4.2.4.RELEASE.jar, file:/home/total/.m2/repository/org/springframework/spring-aop/4.2.4.RELEASE/spring-aop-4.2.4.RELEASE.jar, file:/home/total/.m2/repository/aopalliance/aopalliance/1.0/aopalliance-1.0.jar, file:/home/total/.m2/repository/org/springframework/spring-beans/4.2.4.RELEASE/spring-beans-4.2.4.RELEASE.jar, file:/home/total/.m2/repository/org/springframework/spring-webmvc/4.2.4.RELEASE/spring-webmvc-4.2.4.RELEASE.jar, file:/home/total/.m2/repository/org/springframework/spring-expression/4.2.4.RELEASE/spring-expression-4.2.4.RELEASE.jar, file:/home/total/.m2/repository/org/springframework/boot/spring-boot-starter-remote-shell/1.3.2.RELEASE/spring-boot-starter-remote-shell-1.3.2.RELEASE.jar, file:/home/total/.m2/repository/org/crashub/crash.cli/1.3.2/crash.cli-1.3.2.jar, file:/home/total/.m2/repository/org/crashub/crash.connectors.ssh/1.3.2/crash.connectors.ssh-1.3.2.jar, file:/home/total/.m2/repository/org/apache/sshd/sshd-core/0.11.0/sshd-core-0.11.0.jar, file:/home/total/.m2/repository/org/apache/sshd/sshd-pam/0.11.0/sshd-pam-0.11.0.jar, file:/home/total/.m2/repository/net/sf/jpam/jpam/1.1/jpam-1.1.jar, file:/home/total/.m2/repository/org/bouncycastle/bcprov-jdk15on/1.51/bcprov-jdk15on-1.51.jar, file:/home/total/.m2/repository/org/bouncycastle/bcpkix-jdk15on/1.51/bcpkix-jdk15on-1.51.jar, file:/home/total/.m2/repository/org/apache/mina/mina-core/2.0.7/mina-core-2.0.7.jar, file:/home/total/.m2/repository/org/slf4j/slf4j-api/1.7.13/slf4j-api-1.7.13.jar, file:/home/total/.m2/repository/org/crashub/crash.embed.spring/1.3.2/crash.embed.spring-1.3.2.jar, file:/home/total/.m2/repository/org/crashub/crash.plugins.cron/1.3.2/crash.plugins.cron-1.3.2.jar, file:/home/total/.m2/repository/it/sauronsoftware/cron4j/cron4j/2.2.5/cron4j-2.2.5.jar, file:/home/total/.m2/repository/org/crashub/crash.plugins.mail/1.3.2/crash.plugins.mail-1.3.2.jar, file:/home/total/.m2/repository/org/crashub/crash.shell/1.3.2/crash.shell-1.3.2.jar, file:/home/total/.m2/repository/org/codehaus/groovy/groovy/2.4.4/groovy-2.4.4.jar, file:/home/total/.m2/repository/com/sun/mail/javax.mail/1.5.5/javax.mail-1.5.5.jar, file:/home/total/.m2/repository/javax/activation/activation/1.1/activation-1.1.jar, file:/home/total/.m2/repository/org/springframework/boot/spring-boot-starter-test/1.3.2.RELEASE/spring-boot-starter-test-1.3.2.RELEASE.jar, file:/home/total/.m2/repository/org/hamcrest/hamcrest-core/1.3/hamcrest-core-1.3.jar, file:/home/total/.m2/repository/org/springframework/spring-core/4.2.4.RELEASE/spring-core-4.2.4.RELEASE.jar]
2016-08-27 09:44:25,180 [Thread-4] INFO  o.s.boot.context.embedded.AnnotationConfigEmbeddedWebApplicationContext - Closing org.springframework.boot.context.embedded.AnnotationConfigEmbeddedWebApplicationContext@6a801366: startup date [Sat Aug 27 09:37:07 CST 2016]; root of context hierarchy
2016-08-27 09:44:25,186 [Thread-4] INFO  org.springframework.context.support.DefaultLifecycleProcessor - Stopping beans in phase 0
2016-08-27 09:44:25,215 [Thread-4] INFO  org.springframework.boot.actuate.endpoint.jmx.EndpointMBeanExporter - Unregistering JMX-exposed beans on shutdown
2016-08-27 09:44:25,216 [Thread-4] INFO  org.springframework.boot.actuate.endpoint.jmx.EndpointMBeanExporter - Unregistering JMX-exposed beans
2016-08-27 09:44:25,218 [Thread-4] INFO  org.springframework.jmx.export.annotation.AnnotationMBeanExporter - Unregistering JMX-exposed beans on shutdown
2016-08-27 09:44:44,300 [main] INFO  com.javachen.example.Application - Starting Application on total-VirtualBox with PID 5079 (/home/total/git/spring-examples/spring-boot/spring-boot-example/target/classes started by total in /home/total/git/spring-examples/spring-boot/spring-boot-example)
2016-08-27 09:44:44,327 [main] DEBUG com.javachen.example.Application - Running with Spring Boot v1.3.2.RELEASE, Spring v4.2.4.RELEASE
2016-08-27 09:44:44,327 [main] INFO  com.javachen.example.Application - The following profiles are active: prod
2016-08-27 09:44:45,007 [background-preinit] INFO  org.hibernate.validator.internal.util.Version - HV000001: Hibernate Validator 5.2.2.Final
2016-08-27 09:44:45,398 [main] INFO  o.s.boot.context.embedded.AnnotationConfigEmbeddedWebApplicationContext - Refreshing org.springframework.boot.context.embedded.AnnotationConfigEmbeddedWebApplicationContext@4ae3c1cd: startup date [Sat Aug 27 09:44:45 CST 2016]; root of context hierarchy
2016-08-27 09:44:47,575 [main] INFO  org.springframework.beans.factory.support.DefaultListableBeanFactory - Overriding bean definition for bean 'beanNameViewResolver' with a different definition: replacing [Root bean: class [null]; scope=; abstract=false; lazyInit=false; autowireMode=3; dependencyCheck=0; autowireCandidate=true; primary=false; factoryBeanName=org.springframework.boot.autoconfigure.web.ErrorMvcAutoConfiguration$WhitelabelErrorViewConfiguration; factoryMethodName=beanNameViewResolver; initMethodName=null; destroyMethodName=(inferred); defined in class path resource [org/springframework/boot/autoconfigure/web/ErrorMvcAutoConfiguration$WhitelabelErrorViewConfiguration.class]] with [Root bean: class [null]; scope=; abstract=false; lazyInit=false; autowireMode=3; dependencyCheck=0; autowireCandidate=true; primary=false; factoryBeanName=org.springframework.boot.autoconfigure.web.WebMvcAutoConfiguration$WebMvcAutoConfigurationAdapter; factoryMethodName=beanNameViewResolver; initMethodName=null; destroyMethodName=(inferred); defined in class path resource [org/springframework/boot/autoconfigure/web/WebMvcAutoConfiguration$WebMvcAutoConfigurationAdapter.class]]
2016-08-27 09:44:51,251 [main] INFO  org.springframework.boot.context.embedded.tomcat.TomcatEmbeddedServletContainer - Tomcat initialized with port(s): 8080 (http)
2016-08-27 09:44:51,280 [main] INFO  org.apache.catalina.core.StandardService - Starting service Tomcat
2016-08-27 09:44:51,281 [main] INFO  org.apache.catalina.core.StandardEngine - Starting Servlet Engine: Apache Tomcat/8.0.30
2016-08-27 09:44:51,492 [localhost-startStop-1] INFO  org.apache.catalina.core.ContainerBase.[Tomcat].[localhost].[/] - Initializing Spring embedded WebApplicationContext
2016-08-27 09:44:51,492 [localhost-startStop-1] INFO  org.springframework.web.context.ContextLoader - Root WebApplicationContext: initialization completed in 6094 ms
2016-08-27 09:44:52,768 [localhost-startStop-1] INFO  org.springframework.boot.context.embedded.ServletRegistrationBean - Mapping servlet: 'dispatcherServlet' to [/]
2016-08-27 09:44:52,788 [localhost-startStop-1] INFO  org.springframework.boot.context.embedded.FilterRegistrationBean - Mapping filter: 'metricFilter' to: [/*]
2016-08-27 09:44:52,795 [localhost-startStop-1] INFO  org.springframework.boot.context.embedded.FilterRegistrationBean - Mapping filter: 'characterEncodingFilter' to: [/*]
2016-08-27 09:44:52,795 [localhost-startStop-1] INFO  org.springframework.boot.context.embedded.FilterRegistrationBean - Mapping filter: 'hiddenHttpMethodFilter' to: [/*]
2016-08-27 09:44:52,796 [localhost-startStop-1] INFO  org.springframework.boot.context.embedded.FilterRegistrationBean - Mapping filter: 'httpPutFormContentFilter' to: [/*]
2016-08-27 09:44:52,796 [localhost-startStop-1] INFO  org.springframework.boot.context.embedded.FilterRegistrationBean - Mapping filter: 'requestContextFilter' to: [/*]
2016-08-27 09:44:52,796 [localhost-startStop-1] INFO  org.springframework.boot.context.embedded.FilterRegistrationBean - Mapping filter: 'webRequestLoggingFilter' to: [/*]
2016-08-27 09:44:52,796 [localhost-startStop-1] INFO  org.springframework.boot.context.embedded.FilterRegistrationBean - Mapping filter: 'applicationContextIdFilter' to: [/*]
2016-08-27 09:44:52,980 [main] DEBUG com.javachen.example.Application - Sample Debug Message
2016-08-27 09:44:53,954 [main] INFO  o.springframework.web.servlet.mvc.method.annotation.RequestMappingHandlerAdapter - Looking for @ControllerAdvice: org.springframework.boot.context.embedded.AnnotationConfigEmbeddedWebApplicationContext@4ae3c1cd: startup date [Sat Aug 27 09:44:45 CST 2016]; root of context hierarchy
2016-08-27 09:44:54,097 [main] INFO  o.springframework.web.servlet.mvc.method.annotation.RequestMappingHandlerMapping - Mapped "{[/]}" onto java.lang.String com.javachen.example.Application.home()
2016-08-27 09:44:54,108 [main] INFO  o.springframework.web.servlet.mvc.method.annotation.RequestMappingHandlerMapping - Mapped "{[/error],produces=[text/html]}" onto public org.springframework.web.servlet.ModelAndView org.springframework.boot.autoconfigure.web.BasicErrorController.errorHtml(javax.servlet.http.HttpServletRequest,javax.servlet.http.HttpServletResponse)
2016-08-27 09:44:54,108 [main] INFO  o.springframework.web.servlet.mvc.method.annotation.RequestMappingHandlerMapping - Mapped "{[/error]}" onto public org.springframework.http.ResponseEntity<java.util.Map<java.lang.String, java.lang.Object>> org.springframework.boot.autoconfigure.web.BasicErrorController.error(javax.servlet.http.HttpServletRequest)
2016-08-27 09:44:54,188 [main] INFO  org.springframework.web.servlet.handler.SimpleUrlHandlerMapping - Mapped URL path [/webjars/**] onto handler of type [class org.springframework.web.servlet.resource.ResourceHttpRequestHandler]
2016-08-27 09:44:54,189 [main] INFO  org.springframework.web.servlet.handler.SimpleUrlHandlerMapping - Mapped URL path [/**] onto handler of type [class org.springframework.web.servlet.resource.ResourceHttpRequestHandler]
2016-08-27 09:44:54,256 [main] INFO  org.springframework.web.servlet.handler.SimpleUrlHandlerMapping - Mapped URL path [/**/favicon.ico] onto handler of type [class org.springframework.web.servlet.resource.ResourceHttpRequestHandler]
2016-08-27 09:44:54,345 [main] INFO  o.s.boot.actuate.autoconfigure.ShellProperties$SimpleAuthenticationProperties - 

Using default password for shell access: 0759ded6-446a-4d50-bf9e-47f89fde3aa6


2016-08-27 09:44:54,346 [main] WARN  org.springframework.boot.actuate.autoconfigure.ShellProperties - Shell authentication fell back to method 'simple' opposed to configured method 'spring'. Please check your classpath.
2016-08-27 09:44:54,403 [main] INFO  org.crsh.plugin.PluginManager - Loaded plugin Plugin[type=SSHPlugin,interface=SSHPlugin]
2016-08-27 09:44:54,405 [main] INFO  org.crsh.plugin.PluginManager - Loaded plugin Plugin[type=SSHInlinePlugin,interface=CommandPlugin]
2016-08-27 09:44:54,407 [main] INFO  org.crsh.plugin.PluginManager - Loaded plugin Plugin[type=KeyAuthenticationPlugin,interface=KeyAuthenticationPlugin]
2016-08-27 09:44:54,414 [main] INFO  org.crsh.plugin.PluginManager - Loaded plugin Plugin[type=CronPlugin,interface=CronPlugin]
2016-08-27 09:44:54,430 [main] INFO  org.crsh.plugin.PluginManager - Loaded plugin Plugin[type=MailPlugin,interface=MailPlugin]
2016-08-27 09:44:54,432 [main] INFO  org.crsh.plugin.PluginManager - Loaded plugin Plugin[type=CRaSHShellFactory,interface=ShellFactory]
2016-08-27 09:44:54,436 [main] INFO  org.crsh.plugin.PluginManager - Loaded plugin Plugin[type=GroovyLanguageProxy,interface=Language]
2016-08-27 09:44:54,437 [main] INFO  org.crsh.plugin.PluginManager - Loaded plugin Plugin[type=JavaLanguage,interface=Language]
2016-08-27 09:44:54,448 [main] INFO  org.crsh.plugin.PluginManager - Loaded plugin Plugin[type=ScriptLanguage,interface=Language]
2016-08-27 09:44:54,452 [main] INFO  org.crsh.plugin.PluginManager - Loaded plugin Plugin[type=JaasAuthenticationPlugin,interface=AuthenticationPlugin]
2016-08-27 09:44:54,453 [main] INFO  org.crsh.plugin.PluginManager - Loaded plugin Plugin[type=SimpleAuthenticationPlugin,interface=AuthenticationPlugin]
2016-08-27 09:44:54,454 [main] INFO  o.s.boot.actuate.autoconfigure.CrshAutoConfiguration$CrshBootstrapBean - Configuring property ssh.port=2222 from properties
2016-08-27 09:44:54,454 [main] INFO  o.s.boot.actuate.autoconfigure.CrshAutoConfiguration$CrshBootstrapBean - Configuring property ssh.auth_timeout=600000 from properties
2016-08-27 09:44:54,454 [main] INFO  o.s.boot.actuate.autoconfigure.CrshAutoConfiguration$CrshBootstrapBean - Configuring property ssh.idle_timeout=600000 from properties
2016-08-27 09:44:54,454 [main] INFO  o.s.boot.actuate.autoconfigure.CrshAutoConfiguration$CrshBootstrapBean - Configuring property ssh.default_encoding=UTF-8 from properties
2016-08-27 09:44:54,455 [main] INFO  o.s.boot.actuate.autoconfigure.CrshAutoConfiguration$CrshBootstrapBean - Configuring property auth=simple from properties
2016-08-27 09:44:54,455 [main] INFO  o.s.boot.actuate.autoconfigure.CrshAutoConfiguration$CrshBootstrapBean - Configuring property auth.simple.username=user from properties
2016-08-27 09:44:54,455 [main] INFO  o.s.boot.actuate.autoconfigure.CrshAutoConfiguration$CrshBootstrapBean - Configuring property auth.simple.password=0759ded6-446a-4d50-bf9e-47f89fde3aa6 from properties
2016-08-27 09:44:54,477 [main] INFO  org.crsh.plugin.PluginManager - Initialized plugin Plugin[type=KeyAuthenticationPlugin,interface=KeyAuthenticationPlugin]
2016-08-27 09:44:54,477 [main] INFO  org.crsh.plugin.PluginManager - Initialized plugin Plugin[type=JaasAuthenticationPlugin,interface=AuthenticationPlugin]
2016-08-27 09:44:54,477 [main] INFO  org.crsh.plugin.PluginManager - Initialized plugin Plugin[type=SimpleAuthenticationPlugin,interface=AuthenticationPlugin]
2016-08-27 09:44:54,477 [main] INFO  org.crsh.ssh.SSHPlugin - Booting SSHD
2016-08-27 09:44:54,527 [main] INFO  org.crsh.plugin.PluginManager - Initialized plugin Plugin[type=GroovyLanguageProxy,interface=Language]
2016-08-27 09:44:54,528 [main] INFO  org.crsh.plugin.PluginManager - Initialized plugin Plugin[type=JavaLanguage,interface=Language]
2016-08-27 09:44:54,529 [main] INFO  org.crsh.plugin.PluginManager - Initialized plugin Plugin[type=ScriptLanguage,interface=Language]
2016-08-27 09:44:54,550 [main] INFO  org.crsh.plugin.PluginManager - Initialized plugin Plugin[type=CRaSHShellFactory,interface=ShellFactory]
2016-08-27 09:44:54,980 [main] INFO  org.apache.sshd.common.util.SecurityUtils - Trying to register BouncyCastle as a JCE provider
2016-08-27 09:44:55,273 [main] INFO  org.apache.sshd.common.util.SecurityUtils - Registration succeeded
2016-08-27 09:44:55,387 [main] INFO  org.crsh.ssh.term.SSHLifeCycle - About to start CRaSSHD
2016-08-27 09:44:55,406 [main] INFO  org.crsh.ssh.term.SSHLifeCycle - CRaSSHD started on port 2222
2016-08-27 09:44:55,407 [main] INFO  org.crsh.plugin.PluginManager - Initialized plugin Plugin[type=SSHPlugin,interface=SSHPlugin]
2016-08-27 09:44:55,407 [main] INFO  org.crsh.plugin.PluginManager - Initialized plugin Plugin[type=SSHInlinePlugin,interface=CommandPlugin]
2016-08-27 09:44:55,408 [main] INFO  org.crsh.plugin.PluginManager - Initialized plugin Plugin[type=CronPlugin,interface=CronPlugin]
2016-08-27 09:44:55,408 [main] INFO  org.crsh.plugin.PluginManager - Initialized plugin Plugin[type=MailPlugin,interface=MailPlugin]
2016-08-27 09:44:56,134 [main] INFO  org.springframework.boot.actuate.endpoint.mvc.EndpointHandlerMapping - Mapped "{[/info || /info.json],methods=[GET],produces=[application/json]}" onto public java.lang.Object org.springframework.boot.actuate.endpoint.mvc.EndpointMvcAdapter.invoke()
2016-08-27 09:44:56,140 [main] INFO  org.springframework.boot.actuate.endpoint.mvc.EndpointHandlerMapping - Mapped "{[/configprops || /configprops.json],methods=[GET],produces=[application/json]}" onto public java.lang.Object org.springframework.boot.actuate.endpoint.mvc.EndpointMvcAdapter.invoke()
2016-08-27 09:44:56,141 [main] INFO  org.springframework.boot.actuate.endpoint.mvc.EndpointHandlerMapping - Mapped "{[/autoconfig || /autoconfig.json],methods=[GET],produces=[application/json]}" onto public java.lang.Object org.springframework.boot.actuate.endpoint.mvc.EndpointMvcAdapter.invoke()
2016-08-27 09:44:56,141 [main] INFO  org.springframework.boot.actuate.endpoint.mvc.EndpointHandlerMapping - Mapped "{[/metrics/{name:.*}],methods=[GET],produces=[application/json]}" onto public java.lang.Object org.springframework.boot.actuate.endpoint.mvc.MetricsMvcEndpoint.value(java.lang.String)
2016-08-27 09:44:56,142 [main] INFO  org.springframework.boot.actuate.endpoint.mvc.EndpointHandlerMapping - Mapped "{[/metrics || /metrics.json],methods=[GET],produces=[application/json]}" onto public java.lang.Object org.springframework.boot.actuate.endpoint.mvc.EndpointMvcAdapter.invoke()
2016-08-27 09:44:56,152 [main] INFO  org.springframework.boot.actuate.endpoint.mvc.EndpointHandlerMapping - Mapped "{[/dump || /dump.json],methods=[GET],produces=[application/json]}" onto public java.lang.Object org.springframework.boot.actuate.endpoint.mvc.EndpointMvcAdapter.invoke()
2016-08-27 09:44:56,153 [main] INFO  org.springframework.boot.actuate.endpoint.mvc.EndpointHandlerMapping - Mapped "{[/trace || /trace.json],methods=[GET],produces=[application/json]}" onto public java.lang.Object org.springframework.boot.actuate.endpoint.mvc.EndpointMvcAdapter.invoke()
2016-08-27 09:44:56,153 [main] INFO  org.springframework.boot.actuate.endpoint.mvc.EndpointHandlerMapping - Mapped "{[/mappings || /mappings.json],methods=[GET],produces=[application/json]}" onto public java.lang.Object org.springframework.boot.actuate.endpoint.mvc.EndpointMvcAdapter.invoke()
2016-08-27 09:44:56,154 [main] INFO  org.springframework.boot.actuate.endpoint.mvc.EndpointHandlerMapping - Mapped "{[/env/{name:.*}],methods=[GET],produces=[application/json]}" onto public java.lang.Object org.springframework.boot.actuate.endpoint.mvc.EnvironmentMvcEndpoint.value(java.lang.String)
2016-08-27 09:44:56,154 [main] INFO  org.springframework.boot.actuate.endpoint.mvc.EndpointHandlerMapping - Mapped "{[/env || /env.json],methods=[GET],produces=[application/json]}" onto public java.lang.Object org.springframework.boot.actuate.endpoint.mvc.EndpointMvcAdapter.invoke()
2016-08-27 09:44:56,165 [main] INFO  org.springframework.boot.actuate.endpoint.mvc.EndpointHandlerMapping - Mapped "{[/health || /health.json],produces=[application/json]}" onto public java.lang.Object org.springframework.boot.actuate.endpoint.mvc.HealthMvcEndpoint.invoke(java.security.Principal)
2016-08-27 09:44:56,165 [main] INFO  org.springframework.boot.actuate.endpoint.mvc.EndpointHandlerMapping - Mapped "{[/beans || /beans.json],methods=[GET],produces=[application/json]}" onto public java.lang.Object org.springframework.boot.actuate.endpoint.mvc.EndpointMvcAdapter.invoke()
2016-08-27 09:44:56,433 [main] INFO  org.springframework.jmx.export.annotation.AnnotationMBeanExporter - Registering beans for JMX exposure on startup
2016-08-27 09:44:56,478 [main] INFO  org.springframework.boot.actuate.endpoint.jmx.EndpointMBeanExporter - Registering beans for JMX exposure on startup
2016-08-27 09:44:56,528 [main] INFO  org.springframework.context.support.DefaultLifecycleProcessor - Starting beans in phase 0
2016-08-27 09:44:56,540 [main] INFO  org.springframework.boot.actuate.endpoint.jmx.EndpointMBeanExporter - Located managed bean 'requestMappingEndpoint': registering with JMX server as MBean [org.springframework.boot:type=Endpoint,name=requestMappingEndpoint]
2016-08-27 09:44:56,671 [main] INFO  org.springframework.boot.actuate.endpoint.jmx.EndpointMBeanExporter - Located managed bean 'environmentEndpoint': registering with JMX server as MBean [org.springframework.boot:type=Endpoint,name=environmentEndpoint]
2016-08-27 09:44:56,717 [main] INFO  org.springframework.boot.actuate.endpoint.jmx.EndpointMBeanExporter - Located managed bean 'healthEndpoint': registering with JMX server as MBean [org.springframework.boot:type=Endpoint,name=healthEndpoint]
2016-08-27 09:44:56,738 [main] INFO  org.springframework.boot.actuate.endpoint.jmx.EndpointMBeanExporter - Located managed bean 'beansEndpoint': registering with JMX server as MBean [org.springframework.boot:type=Endpoint,name=beansEndpoint]
2016-08-27 09:44:56,763 [main] INFO  org.springframework.boot.actuate.endpoint.jmx.EndpointMBeanExporter - Located managed bean 'infoEndpoint': registering with JMX server as MBean [org.springframework.boot:type=Endpoint,name=infoEndpoint]
2016-08-27 09:44:56,782 [main] INFO  org.springframework.boot.actuate.endpoint.jmx.EndpointMBeanExporter - Located managed bean 'metricsEndpoint': registering with JMX server as MBean [org.springframework.boot:type=Endpoint,name=metricsEndpoint]
2016-08-27 09:44:56,784 [main] INFO  org.springframework.boot.actuate.endpoint.jmx.EndpointMBeanExporter - Located managed bean 'traceEndpoint': registering with JMX server as MBean [org.springframework.boot:type=Endpoint,name=traceEndpoint]
2016-08-27 09:44:56,807 [main] INFO  org.springframework.boot.actuate.endpoint.jmx.EndpointMBeanExporter - Located managed bean 'dumpEndpoint': registering with JMX server as MBean [org.springframework.boot:type=Endpoint,name=dumpEndpoint]
2016-08-27 09:44:56,862 [main] INFO  org.springframework.boot.actuate.endpoint.jmx.EndpointMBeanExporter - Located managed bean 'autoConfigurationReportEndpoint': registering with JMX server as MBean [org.springframework.boot:type=Endpoint,name=autoConfigurationReportEndpoint]
2016-08-27 09:44:56,867 [main] INFO  org.springframework.boot.actuate.endpoint.jmx.EndpointMBeanExporter - Located managed bean 'configurationPropertiesReportEndpoint': registering with JMX server as MBean [org.springframework.boot:type=Endpoint,name=configurationPropertiesReportEndpoint]
2016-08-27 09:44:57,024 [main] INFO  org.apache.coyote.http11.Http11NioProtocol - Initializing ProtocolHandler ["http-nio-8080"]
2016-08-27 09:44:57,047 [main] INFO  org.apache.coyote.http11.Http11NioProtocol - Starting ProtocolHandler ["http-nio-8080"]
2016-08-27 09:44:57,055 [main] INFO  org.apache.tomcat.util.net.NioSelectorPool - Using a shared selector for servlet write/read
2016-08-27 09:44:57,452 [main] INFO  org.springframework.boot.context.embedded.tomcat.TomcatEmbeddedServletContainer - Tomcat started on port(s): 8080 (http)
2016-08-27 09:44:57,483 [main] INFO  com.javachen.example.Application - Started Application in 15.042 seconds (JVM running for 16.639)
2016-08-27 09:47:25,465 [Thread-4] INFO  o.s.boot.context.embedded.AnnotationConfigEmbeddedWebApplicationContext - Closing org.springframework.boot.context.embedded.AnnotationConfigEmbeddedWebApplicationContext@4ae3c1cd: startup date [Sat Aug 27 09:44:45 CST 2016]; root of context hierarchy
2016-08-27 09:47:25,472 [Thread-4] INFO  org.springframework.context.support.DefaultLifecycleProcessor - Stopping beans in phase 0
2016-08-27 09:47:25,484 [Thread-4] INFO  org.springframework.boot.actuate.endpoint.jmx.EndpointMBeanExporter - Unregistering JMX-exposed beans on shutdown
2016-08-27 09:47:25,485 [Thread-4] INFO  org.springframework.boot.actuate.endpoint.jmx.EndpointMBeanExporter - Unregistering JMX-exposed beans
2016-08-27 09:47:25,485 [Thread-4] INFO  org.springframework.jmx.export.annotation.AnnotationMBeanExporter - Unregistering JMX-exposed beans on shutdown
